[2024-04-17 05:56:49] local.ERROR: SQLSTATE[HY000]: General error: 1215 Cannot add foreign key constraint (Connection: mysql, SQL: alter table `products` add constraint `products_category_id_foreign` foreign key (`category_id`) references `categories` (`id`) on delete set null) {"exception":"[object] (Illuminate\\Database\\QueryException(code: HY000): SQLSTATE[HY000]: General error: 1215 Cannot add foreign key constraint (Connection: mysql, SQL: alter table `products` add constraint `products_category_id_foreign` foreign key (`category_id`) references `categories` (`id`) on delete set null) at C:\\OSPanel\\domains\\borovinskikh\\tests\\onlineShop\\vendor\\laravel\\framework\\src\\Illuminate\\Database\\Connection.php:829)
[stacktrace]
#0 C:\\OSPanel\\domains\\borovinskikh\\tests\\onlineShop\\vendor\\laravel\\framework\\src\\Illuminate\\Database\\Connection.php(783): Illuminate\\Database\\Connection->runQueryCallback()
#1 C:\\OSPanel\\domains\\borovinskikh\\tests\\onlineShop\\vendor\\laravel\\framework\\src\\Illuminate\\Database\\Connection.php(588): Illuminate\\Database\\Connection->run()
#2 C:\\OSPanel\\domains\\borovinskikh\\tests\\onlineShop\\vendor\\laravel\\framework\\src\\Illuminate\\Database\\Schema\\Blueprint.php(110): Illuminate\\Database\\Connection->statement()
#3 C:\\OSPanel\\domains\\borovinskikh\\tests\\onlineShop\\vendor\\laravel\\framework\\src\\Illuminate\\Database\\Schema\\Builder.php(602): Illuminate\\Database\\Schema\\Blueprint->build()
#4 C:\\OSPanel\\domains\\borovinskikh\\tests\\onlineShop\\vendor\\laravel\\framework\\src\\Illuminate\\Database\\Schema\\Builder.php(460): Illuminate\\Database\\Schema\\Builder->build()
#5 C:\\OSPanel\\domains\\borovinskikh\\tests\\onlineShop\\vendor\\laravel\\framework\\src\\Illuminate\\Support\\Facades\\Facade.php(355): Illuminate\\Database\\Schema\\Builder->create()
#6 C:\\OSPanel\\domains\\borovinskikh\\tests\\onlineShop\\database\\migrations\\2024_04_17_054748_create_products_table.php(34): Illuminate\\Support\\Facades\\Facade::__callStatic()
#7 C:\\OSPanel\\domains\\borovinskikh\\tests\\onlineShop\\vendor\\laravel\\framework\\src\\Illuminate\\Database\\Migrations\\Migrator.php(493): Illuminate\\Database\\Migrations\\Migration@anonymous->up()
#8 C:\\OSPanel\\domains\\borovinskikh\\tests\\onlineShop\\vendor\\laravel\\framework\\src\\Illuminate\\Database\\Migrations\\Migrator.php(410): Illuminate\\Database\\Migrations\\Migrator->runMethod()
#9 C:\\OSPanel\\domains\\borovinskikh\\tests\\onlineShop\\vendor\\laravel\\framework\\src\\Illuminate\\Database\\Migrations\\Migrator.php(419): Illuminate\\Database\\Migrations\\Migrator->Illuminate\\Database\\Migrations\\{closure}()
#10 C:\\OSPanel\\domains\\borovinskikh\\tests\\onlineShop\\vendor\\laravel\\framework\\src\\Illuminate\\Database\\Migrations\\Migrator.php(216): Illuminate\\Database\\Migrations\\Migrator->runMigration()
#11 C:\\OSPanel\\domains\\borovinskikh\\tests\\onlineShop\\vendor\\laravel\\framework\\src\\Illuminate\\Console\\View\\Components\\Task.php(37): Illuminate\\Database\\Migrations\\Migrator->Illuminate\\Database\\Migrations\\{closure}()
#12 C:\\OSPanel\\domains\\borovinskikh\\tests\\onlineShop\\vendor\\laravel\\framework\\src\\Illuminate\\Database\\Migrations\\Migrator.php(756): Illuminate\\Console\\View\\Components\\Task->render()
#13 C:\\OSPanel\\domains\\borovinskikh\\tests\\onlineShop\\vendor\\laravel\\framework\\src\\Illuminate\\Database\\Migrations\\Migrator.php(216): Illuminate\\Database\\Migrations\\Migrator->write()
#14 C:\\OSPanel\\domains\\borovinskikh\\tests\\onlineShop\\vendor\\laravel\\framework\\src\\Illuminate\\Database\\Migrations\\Migrator.php(181): Illuminate\\Database\\Migrations\\Migrator->runUp()
#15 C:\\OSPanel\\domains\\borovinskikh\\tests\\onlineShop\\vendor\\laravel\\framework\\src\\Illuminate\\Database\\Migrations\\Migrator.php(124): Illuminate\\Database\\Migrations\\Migrator->runPending()
#16 C:\\OSPanel\\domains\\borovinskikh\\tests\\onlineShop\\vendor\\laravel\\framework\\src\\Illuminate\\Database\\Console\\Migrations\\MigrateCommand.php(92): Illuminate\\Database\\Migrations\\Migrator->run()
#17 C:\\OSPanel\\domains\\borovinskikh\\tests\\onlineShop\\vendor\\laravel\\framework\\src\\Illuminate\\Database\\Migrations\\Migrator.php(633): Illuminate\\Database\\Console\\Migrations\\MigrateCommand->Illuminate\\Database\\Console\\Migrations\\{closure}()
#18 C:\\OSPanel\\domains\\borovinskikh\\tests\\onlineShop\\vendor\\laravel\\framework\\src\\Illuminate\\Database\\Console\\Migrations\\MigrateCommand.php(104): Illuminate\\Database\\Migrations\\Migrator->usingConnection()
#19 C:\\OSPanel\\domains\\borovinskikh\\tests\\onlineShop\\vendor\\laravel\\framework\\src\\Illuminate\\Container\\BoundMethod.php(36): Illuminate\\Database\\Console\\Migrations\\MigrateCommand->handle()
#20 C:\\OSPanel\\domains\\borovinskikh\\tests\\onlineShop\\vendor\\laravel\\framework\\src\\Illuminate\\Container\\Util.php(41): Illuminate\\Container\\BoundMethod::Illuminate\\Container\\{closure}()
#21 C:\\OSPanel\\domains\\borovinskikh\\tests\\onlineShop\\vendor\\laravel\\framework\\src\\Illuminate\\Container\\BoundMethod.php(93): Illuminate\\Container\\Util::unwrapIfClosure()
#22 C:\\OSPanel\\domains\\borovinskikh\\tests\\onlineShop\\vendor\\laravel\\framework\\src\\Illuminate\\Container\\BoundMethod.php(37): Illuminate\\Container\\BoundMethod::callBoundMethod()
#23 C:\\OSPanel\\domains\\borovinskikh\\tests\\onlineShop\\vendor\\laravel\\framework\\src\\Illuminate\\Container\\Container.php(662): Illuminate\\Container\\BoundMethod::call()
#24 C:\\OSPanel\\domains\\borovinskikh\\tests\\onlineShop\\vendor\\laravel\\framework\\src\\Illuminate\\Console\\Command.php(211): Illuminate\\Container\\Container->call()
#25 C:\\OSPanel\\domains\\borovinskikh\\tests\\onlineShop\\vendor\\symfony\\console\\Command\\Command.php(326): Illuminate\\Console\\Command->execute()
#26 C:\\OSPanel\\domains\\borovinskikh\\tests\\onlineShop\\vendor\\laravel\\framework\\src\\Illuminate\\Console\\Command.php(181): Symfony\\Component\\Console\\Command\\Command->run()
#27 C:\\OSPanel\\domains\\borovinskikh\\tests\\onlineShop\\vendor\\symfony\\console\\Application.php(1096): Illuminate\\Console\\Command->run()
#28 C:\\OSPanel\\domains\\borovinskikh\\tests\\onlineShop\\vendor\\symfony\\console\\Application.php(324): Symfony\\Component\\Console\\Application->doRunCommand()
#29 C:\\OSPanel\\domains\\borovinskikh\\tests\\onlineShop\\vendor\\symfony\\console\\Application.php(175): Symfony\\Component\\Console\\Application->doRun()
#30 C:\\OSPanel\\domains\\borovinskikh\\tests\\onlineShop\\vendor\\laravel\\framework\\src\\Illuminate\\Foundation\\Console\\Kernel.php(201): Symfony\\Component\\Console\\Application->run()
#31 C:\\OSPanel\\domains\\borovinskikh\\tests\\onlineShop\\artisan(37): Illuminate\\Foundation\\Console\\Kernel->handle()
#32 {main}

[previous exception] [object] (PDOException(code: HY000): SQLSTATE[HY000]: General error: 1215 Cannot add foreign key constraint at C:\\OSPanel\\domains\\borovinskikh\\tests\\onlineShop\\vendor\\laravel\\framework\\src\\Illuminate\\Database\\Connection.php:587)
[stacktrace]
#0 C:\\OSPanel\\domains\\borovinskikh\\tests\\onlineShop\\vendor\\laravel\\framework\\src\\Illuminate\\Database\\Connection.php(587): PDOStatement->execute()
#1 C:\\OSPanel\\domains\\borovinskikh\\tests\\onlineShop\\vendor\\laravel\\framework\\src\\Illuminate\\Database\\Connection.php(816): Illuminate\\Database\\Connection->Illuminate\\Database\\{closure}()
#2 C:\\OSPanel\\domains\\borovinskikh\\tests\\onlineShop\\vendor\\laravel\\framework\\src\\Illuminate\\Database\\Connection.php(783): Illuminate\\Database\\Connection->runQueryCallback()
#3 C:\\OSPanel\\domains\\borovinskikh\\tests\\onlineShop\\vendor\\laravel\\framework\\src\\Illuminate\\Database\\Connection.php(588): Illuminate\\Database\\Connection->run()
#4 C:\\OSPanel\\domains\\borovinskikh\\tests\\onlineShop\\vendor\\laravel\\framework\\src\\Illuminate\\Database\\Schema\\Blueprint.php(110): Illuminate\\Database\\Connection->statement()
#5 C:\\OSPanel\\domains\\borovinskikh\\tests\\onlineShop\\vendor\\laravel\\framework\\src\\Illuminate\\Database\\Schema\\Builder.php(602): Illuminate\\Database\\Schema\\Blueprint->build()
#6 C:\\OSPanel\\domains\\borovinskikh\\tests\\onlineShop\\vendor\\laravel\\framework\\src\\Illuminate\\Database\\Schema\\Builder.php(460): Illuminate\\Database\\Schema\\Builder->build()
#7 C:\\OSPanel\\domains\\borovinskikh\\tests\\onlineShop\\vendor\\laravel\\framework\\src\\Illuminate\\Support\\Facades\\Facade.php(355): Illuminate\\Database\\Schema\\Builder->create()
#8 C:\\OSPanel\\domains\\borovinskikh\\tests\\onlineShop\\database\\migrations\\2024_04_17_054748_create_products_table.php(34): Illuminate\\Support\\Facades\\Facade::__callStatic()
#9 C:\\OSPanel\\domains\\borovinskikh\\tests\\onlineShop\\vendor\\laravel\\framework\\src\\Illuminate\\Database\\Migrations\\Migrator.php(493): Illuminate\\Database\\Migrations\\Migration@anonymous->up()
#10 C:\\OSPanel\\domains\\borovinskikh\\tests\\onlineShop\\vendor\\laravel\\framework\\src\\Illuminate\\Database\\Migrations\\Migrator.php(410): Illuminate\\Database\\Migrations\\Migrator->runMethod()
#11 C:\\OSPanel\\domains\\borovinskikh\\tests\\onlineShop\\vendor\\laravel\\framework\\src\\Illuminate\\Database\\Migrations\\Migrator.php(419): Illuminate\\Database\\Migrations\\Migrator->Illuminate\\Database\\Migrations\\{closure}()
#12 C:\\OSPanel\\domains\\borovinskikh\\tests\\onlineShop\\vendor\\laravel\\framework\\src\\Illuminate\\Database\\Migrations\\Migrator.php(216): Illuminate\\Database\\Migrations\\Migrator->runMigration()
#13 C:\\OSPanel\\domains\\borovinskikh\\tests\\onlineShop\\vendor\\laravel\\framework\\src\\Illuminate\\Console\\View\\Components\\Task.php(37): Illuminate\\Database\\Migrations\\Migrator->Illuminate\\Database\\Migrations\\{closure}()
#14 C:\\OSPanel\\domains\\borovinskikh\\tests\\onlineShop\\vendor\\laravel\\framework\\src\\Illuminate\\Database\\Migrations\\Migrator.php(756): Illuminate\\Console\\View\\Components\\Task->render()
#15 C:\\OSPanel\\domains\\borovinskikh\\tests\\onlineShop\\vendor\\laravel\\framework\\src\\Illuminate\\Database\\Migrations\\Migrator.php(216): Illuminate\\Database\\Migrations\\Migrator->write()
#16 C:\\OSPanel\\domains\\borovinskikh\\tests\\onlineShop\\vendor\\laravel\\framework\\src\\Illuminate\\Database\\Migrations\\Migrator.php(181): Illuminate\\Database\\Migrations\\Migrator->runUp()
#17 C:\\OSPanel\\domains\\borovinskikh\\tests\\onlineShop\\vendor\\laravel\\framework\\src\\Illuminate\\Database\\Migrations\\Migrator.php(124): Illuminate\\Database\\Migrations\\Migrator->runPending()
#18 C:\\OSPanel\\domains\\borovinskikh\\tests\\onlineShop\\vendor\\laravel\\framework\\src\\Illuminate\\Database\\Console\\Migrations\\MigrateCommand.php(92): Illuminate\\Database\\Migrations\\Migrator->run()
#19 C:\\OSPanel\\domains\\borovinskikh\\tests\\onlineShop\\vendor\\laravel\\framework\\src\\Illuminate\\Database\\Migrations\\Migrator.php(633): Illuminate\\Database\\Console\\Migrations\\MigrateCommand->Illuminate\\Database\\Console\\Migrations\\{closure}()
#20 C:\\OSPanel\\domains\\borovinskikh\\tests\\onlineShop\\vendor\\laravel\\framework\\src\\Illuminate\\Database\\Console\\Migrations\\MigrateCommand.php(104): Illuminate\\Database\\Migrations\\Migrator->usingConnection()
#21 C:\\OSPanel\\domains\\borovinskikh\\tests\\onlineShop\\vendor\\laravel\\framework\\src\\Illuminate\\Container\\BoundMethod.php(36): Illuminate\\Database\\Console\\Migrations\\MigrateCommand->handle()
#22 C:\\OSPanel\\domains\\borovinskikh\\tests\\onlineShop\\vendor\\laravel\\framework\\src\\Illuminate\\Container\\Util.php(41): Illuminate\\Container\\BoundMethod::Illuminate\\Container\\{closure}()
#23 C:\\OSPanel\\domains\\borovinskikh\\tests\\onlineShop\\vendor\\laravel\\framework\\src\\Illuminate\\Container\\BoundMethod.php(93): Illuminate\\Container\\Util::unwrapIfClosure()
#24 C:\\OSPanel\\domains\\borovinskikh\\tests\\onlineShop\\vendor\\laravel\\framework\\src\\Illuminate\\Container\\BoundMethod.php(37): Illuminate\\Container\\BoundMethod::callBoundMethod()
#25 C:\\OSPanel\\domains\\borovinskikh\\tests\\onlineShop\\vendor\\laravel\\framework\\src\\Illuminate\\Container\\Container.php(662): Illuminate\\Container\\BoundMethod::call()
#26 C:\\OSPanel\\domains\\borovinskikh\\tests\\onlineShop\\vendor\\laravel\\framework\\src\\Illuminate\\Console\\Command.php(211): Illuminate\\Container\\Container->call()
#27 C:\\OSPanel\\domains\\borovinskikh\\tests\\onlineShop\\vendor\\symfony\\console\\Command\\Command.php(326): Illuminate\\Console\\Command->execute()
#28 C:\\OSPanel\\domains\\borovinskikh\\tests\\onlineShop\\vendor\\laravel\\framework\\src\\Illuminate\\Console\\Command.php(181): Symfony\\Component\\Console\\Command\\Command->run()
#29 C:\\OSPanel\\domains\\borovinskikh\\tests\\onlineShop\\vendor\\symfony\\console\\Application.php(1096): Illuminate\\Console\\Command->run()
#30 C:\\OSPanel\\domains\\borovinskikh\\tests\\onlineShop\\vendor\\symfony\\console\\Application.php(324): Symfony\\Component\\Console\\Application->doRunCommand()
#31 C:\\OSPanel\\domains\\borovinskikh\\tests\\onlineShop\\vendor\\symfony\\console\\Application.php(175): Symfony\\Component\\Console\\Application->doRun()
#32 C:\\OSPanel\\domains\\borovinskikh\\tests\\onlineShop\\vendor\\laravel\\framework\\src\\Illuminate\\Foundation\\Console\\Kernel.php(201): Symfony\\Component\\Console\\Application->run()
#33 C:\\OSPanel\\domains\\borovinskikh\\tests\\onlineShop\\artisan(37): Illuminate\\Foundation\\Console\\Kernel->handle()
#34 {main}
"} 
[2024-04-18 08:23:09] local.ERROR: Function () does not exist {"exception":"[object] (ReflectionException(code: 0): Function () does not exist at C:\\OSPanel\\domains\\borovinskikh\\tests\\onlineShop\\vendor\\laravel\\framework\\src\\Illuminate\\Routing\\RouteSignatureParameters.php:27)
[stacktrace]
#0 C:\\OSPanel\\domains\\borovinskikh\\tests\\onlineShop\\vendor\\laravel\\framework\\src\\Illuminate\\Routing\\RouteSignatureParameters.php(27): ReflectionFunction->__construct()
#1 C:\\OSPanel\\domains\\borovinskikh\\tests\\onlineShop\\vendor\\laravel\\framework\\src\\Illuminate\\Routing\\Route.php(537): Illuminate\\Routing\\RouteSignatureParameters::fromAction()
#2 C:\\OSPanel\\domains\\borovinskikh\\tests\\onlineShop\\vendor\\laravel\\framework\\src\\Illuminate\\Routing\\ImplicitRouteBinding.php(80): Illuminate\\Routing\\Route->signatureParameters()
#3 C:\\OSPanel\\domains\\borovinskikh\\tests\\onlineShop\\vendor\\laravel\\framework\\src\\Illuminate\\Routing\\ImplicitRouteBinding.php(28): Illuminate\\Routing\\ImplicitRouteBinding::resolveBackedEnumsForRoute()
#4 C:\\OSPanel\\domains\\borovinskikh\\tests\\onlineShop\\vendor\\laravel\\framework\\src\\Illuminate\\Routing\\Router.php(959): Illuminate\\Routing\\ImplicitRouteBinding::resolveForRoute()
#5 [internal function]: Illuminate\\Routing\\Router->Illuminate\\Routing\\{closure}()
#6 C:\\OSPanel\\domains\\borovinskikh\\tests\\onlineShop\\vendor\\laravel\\framework\\src\\Illuminate\\Routing\\Router.php(962): call_user_func()
#7 C:\\OSPanel\\domains\\borovinskikh\\tests\\onlineShop\\vendor\\laravel\\framework\\src\\Illuminate\\Routing\\Middleware\\SubstituteBindings.php(41): Illuminate\\Routing\\Router->substituteImplicitBindings()
#8 C:\\OSPanel\\domains\\borovinskikh\\tests\\onlineShop\\vendor\\laravel\\framework\\src\\Illuminate\\Pipeline\\Pipeline.php(183): Illuminate\\Routing\\Middleware\\SubstituteBindings->handle()
#9 C:\\OSPanel\\domains\\borovinskikh\\tests\\onlineShop\\vendor\\laravel\\framework\\src\\Illuminate\\Foundation\\Http\\Middleware\\VerifyCsrfToken.php(78): Illuminate\\Pipeline\\Pipeline->Illuminate\\Pipeline\\{closure}()
#10 C:\\OSPanel\\domains\\borovinskikh\\tests\\onlineShop\\vendor\\laravel\\framework\\src\\Illuminate\\Pipeline\\Pipeline.php(183): Illuminate\\Foundation\\Http\\Middleware\\VerifyCsrfToken->handle()
#11 C:\\OSPanel\\domains\\borovinskikh\\tests\\onlineShop\\vendor\\laravel\\framework\\src\\Illuminate\\View\\Middleware\\ShareErrorsFromSession.php(49): Illuminate\\Pipeline\\Pipeline->Illuminate\\Pipeline\\{closure}()
#12 C:\\OSPanel\\domains\\borovinskikh\\tests\\onlineShop\\vendor\\laravel\\framework\\src\\Illuminate\\Pipeline\\Pipeline.php(183): Illuminate\\View\\Middleware\\ShareErrorsFromSession->handle()
#13 C:\\OSPanel\\domains\\borovinskikh\\tests\\onlineShop\\vendor\\laravel\\framework\\src\\Illuminate\\Session\\Middleware\\StartSession.php(121): Illuminate\\Pipeline\\Pipeline->Illuminate\\Pipeline\\{closure}()
#14 C:\\OSPanel\\domains\\borovinskikh\\tests\\onlineShop\\vendor\\laravel\\framework\\src\\Illuminate\\Session\\Middleware\\StartSession.php(64): Illuminate\\Session\\Middleware\\StartSession->handleStatefulRequest()
#15 C:\\OSPanel\\domains\\borovinskikh\\tests\\onlineShop\\vendor\\laravel\\framework\\src\\Illuminate\\Pipeline\\Pipeline.php(183): Illuminate\\Session\\Middleware\\StartSession->handle()
#16 C:\\OSPanel\\domains\\borovinskikh\\tests\\onlineShop\\vendor\\laravel\\framework\\src\\Illuminate\\Cookie\\Middleware\\AddQueuedCookiesToResponse.php(37): Illuminate\\Pipeline\\Pipeline->Illuminate\\Pipeline\\{closure}()
#17 C:\\OSPanel\\domains\\borovinskikh\\tests\\onlineShop\\vendor\\laravel\\framework\\src\\Illuminate\\Pipeline\\Pipeline.php(183): Illuminate\\Cookie\\Middleware\\AddQueuedCookiesToResponse->handle()
#18 C:\\OSPanel\\domains\\borovinskikh\\tests\\onlineShop\\vendor\\laravel\\framework\\src\\Illuminate\\Cookie\\Middleware\\EncryptCookies.php(67): Illuminate\\Pipeline\\Pipeline->Illuminate\\Pipeline\\{closure}()
#19 C:\\OSPanel\\domains\\borovinskikh\\tests\\onlineShop\\vendor\\laravel\\framework\\src\\Illuminate\\Pipeline\\Pipeline.php(183): Illuminate\\Cookie\\Middleware\\EncryptCookies->handle()
#20 C:\\OSPanel\\domains\\borovinskikh\\tests\\onlineShop\\vendor\\laravel\\framework\\src\\Illuminate\\Pipeline\\Pipeline.php(119): Illuminate\\Pipeline\\Pipeline->Illuminate\\Pipeline\\{closure}()
#21 C:\\OSPanel\\domains\\borovinskikh\\tests\\onlineShop\\vendor\\laravel\\framework\\src\\Illuminate\\Routing\\Router.php(807): Illuminate\\Pipeline\\Pipeline->then()
#22 C:\\OSPanel\\domains\\borovinskikh\\tests\\onlineShop\\vendor\\laravel\\framework\\src\\Illuminate\\Routing\\Router.php(784): Illuminate\\Routing\\Router->runRouteWithinStack()
#23 C:\\OSPanel\\domains\\borovinskikh\\tests\\onlineShop\\vendor\\laravel\\framework\\src\\Illuminate\\Routing\\Router.php(748): Illuminate\\Routing\\Router->runRoute()
#24 C:\\OSPanel\\domains\\borovinskikh\\tests\\onlineShop\\vendor\\laravel\\framework\\src\\Illuminate\\Routing\\Router.php(737): Illuminate\\Routing\\Router->dispatchToRoute()
#25 C:\\OSPanel\\domains\\borovinskikh\\tests\\onlineShop\\vendor\\laravel\\framework\\src\\Illuminate\\Foundation\\Http\\Kernel.php(200): Illuminate\\Routing\\Router->dispatch()
#26 C:\\OSPanel\\domains\\borovinskikh\\tests\\onlineShop\\vendor\\laravel\\framework\\src\\Illuminate\\Pipeline\\Pipeline.php(144): Illuminate\\Foundation\\Http\\Kernel->Illuminate\\Foundation\\Http\\{closure}()
#27 C:\\OSPanel\\domains\\borovinskikh\\tests\\onlineShop\\vendor\\laravel\\framework\\src\\Illuminate\\Foundation\\Http\\Middleware\\TransformsRequest.php(21): Illuminate\\Pipeline\\Pipeline->Illuminate\\Pipeline\\{closure}()
#28 C:\\OSPanel\\domains\\borovinskikh\\tests\\onlineShop\\vendor\\laravel\\framework\\src\\Illuminate\\Foundation\\Http\\Middleware\\ConvertEmptyStringsToNull.php(31): Illuminate\\Foundation\\Http\\Middleware\\TransformsRequest->handle()
#29 C:\\OSPanel\\domains\\borovinskikh\\tests\\onlineShop\\vendor\\laravel\\framework\\src\\Illuminate\\Pipeline\\Pipeline.php(183): Illuminate\\Foundation\\Http\\Middleware\\ConvertEmptyStringsToNull->handle()
#30 C:\\OSPanel\\domains\\borovinskikh\\tests\\onlineShop\\vendor\\laravel\\framework\\src\\Illuminate\\Foundation\\Http\\Middleware\\TransformsRequest.php(21): Illuminate\\Pipeline\\Pipeline->Illuminate\\Pipeline\\{closure}()
#31 C:\\OSPanel\\domains\\borovinskikh\\tests\\onlineShop\\vendor\\laravel\\framework\\src\\Illuminate\\Foundation\\Http\\Middleware\\TrimStrings.php(40): Illuminate\\Foundation\\Http\\Middleware\\TransformsRequest->handle()
#32 C:\\OSPanel\\domains\\borovinskikh\\tests\\onlineShop\\vendor\\laravel\\framework\\src\\Illuminate\\Pipeline\\Pipeline.php(183): Illuminate\\Foundation\\Http\\Middleware\\TrimStrings->handle()
#33 C:\\OSPanel\\domains\\borovinskikh\\tests\\onlineShop\\vendor\\laravel\\framework\\src\\Illuminate\\Foundation\\Http\\Middleware\\ValidatePostSize.php(27): Illuminate\\Pipeline\\Pipeline->Illuminate\\Pipeline\\{closure}()
#34 C:\\OSPanel\\domains\\borovinskikh\\tests\\onlineShop\\vendor\\laravel\\framework\\src\\Illuminate\\Pipeline\\Pipeline.php(183): Illuminate\\Foundation\\Http\\Middleware\\ValidatePostSize->handle()
#35 C:\\OSPanel\\domains\\borovinskikh\\tests\\onlineShop\\vendor\\laravel\\framework\\src\\Illuminate\\Foundation\\Http\\Middleware\\PreventRequestsDuringMaintenance.php(99): Illuminate\\Pipeline\\Pipeline->Illuminate\\Pipeline\\{closure}()
#36 C:\\OSPanel\\domains\\borovinskikh\\tests\\onlineShop\\vendor\\laravel\\framework\\src\\Illuminate\\Pipeline\\Pipeline.php(183): Illuminate\\Foundation\\Http\\Middleware\\PreventRequestsDuringMaintenance->handle()
#37 C:\\OSPanel\\domains\\borovinskikh\\tests\\onlineShop\\vendor\\laravel\\framework\\src\\Illuminate\\Http\\Middleware\\HandleCors.php(49): Illuminate\\Pipeline\\Pipeline->Illuminate\\Pipeline\\{closure}()
#38 C:\\OSPanel\\domains\\borovinskikh\\tests\\onlineShop\\vendor\\laravel\\framework\\src\\Illuminate\\Pipeline\\Pipeline.php(183): Illuminate\\Http\\Middleware\\HandleCors->handle()
#39 C:\\OSPanel\\domains\\borovinskikh\\tests\\onlineShop\\vendor\\laravel\\framework\\src\\Illuminate\\Http\\Middleware\\TrustProxies.php(39): Illuminate\\Pipeline\\Pipeline->Illuminate\\Pipeline\\{closure}()
#40 C:\\OSPanel\\domains\\borovinskikh\\tests\\onlineShop\\vendor\\laravel\\framework\\src\\Illuminate\\Pipeline\\Pipeline.php(183): Illuminate\\Http\\Middleware\\TrustProxies->handle()
#41 C:\\OSPanel\\domains\\borovinskikh\\tests\\onlineShop\\vendor\\laravel\\framework\\src\\Illuminate\\Pipeline\\Pipeline.php(119): Illuminate\\Pipeline\\Pipeline->Illuminate\\Pipeline\\{closure}()
#42 C:\\OSPanel\\domains\\borovinskikh\\tests\\onlineShop\\vendor\\laravel\\framework\\src\\Illuminate\\Foundation\\Http\\Kernel.php(175): Illuminate\\Pipeline\\Pipeline->then()
#43 C:\\OSPanel\\domains\\borovinskikh\\tests\\onlineShop\\vendor\\laravel\\framework\\src\\Illuminate\\Foundation\\Http\\Kernel.php(144): Illuminate\\Foundation\\Http\\Kernel->sendRequestThroughRouter()
#44 C:\\OSPanel\\domains\\borovinskikh\\tests\\onlineShop\\public\\index.php(52): Illuminate\\Foundation\\Http\\Kernel->handle()
#45 {main}
"} 
[2024-04-18 08:25:07] local.ERROR: Function () does not exist {"exception":"[object] (ReflectionException(code: 0): Function () does not exist at C:\\OSPanel\\domains\\borovinskikh\\tests\\onlineShop\\vendor\\laravel\\framework\\src\\Illuminate\\Routing\\RouteSignatureParameters.php:27)
[stacktrace]
#0 C:\\OSPanel\\domains\\borovinskikh\\tests\\onlineShop\\vendor\\laravel\\framework\\src\\Illuminate\\Routing\\RouteSignatureParameters.php(27): ReflectionFunction->__construct()
#1 C:\\OSPanel\\domains\\borovinskikh\\tests\\onlineShop\\vendor\\laravel\\framework\\src\\Illuminate\\Routing\\Route.php(537): Illuminate\\Routing\\RouteSignatureParameters::fromAction()
#2 C:\\OSPanel\\domains\\borovinskikh\\tests\\onlineShop\\vendor\\laravel\\framework\\src\\Illuminate\\Routing\\ImplicitRouteBinding.php(80): Illuminate\\Routing\\Route->signatureParameters()
#3 C:\\OSPanel\\domains\\borovinskikh\\tests\\onlineShop\\vendor\\laravel\\framework\\src\\Illuminate\\Routing\\ImplicitRouteBinding.php(28): Illuminate\\Routing\\ImplicitRouteBinding::resolveBackedEnumsForRoute()
#4 C:\\OSPanel\\domains\\borovinskikh\\tests\\onlineShop\\vendor\\laravel\\framework\\src\\Illuminate\\Routing\\Router.php(959): Illuminate\\Routing\\ImplicitRouteBinding::resolveForRoute()
#5 [internal function]: Illuminate\\Routing\\Router->Illuminate\\Routing\\{closure}()
#6 C:\\OSPanel\\domains\\borovinskikh\\tests\\onlineShop\\vendor\\laravel\\framework\\src\\Illuminate\\Routing\\Router.php(962): call_user_func()
#7 C:\\OSPanel\\domains\\borovinskikh\\tests\\onlineShop\\vendor\\laravel\\framework\\src\\Illuminate\\Routing\\Middleware\\SubstituteBindings.php(41): Illuminate\\Routing\\Router->substituteImplicitBindings()
#8 C:\\OSPanel\\domains\\borovinskikh\\tests\\onlineShop\\vendor\\laravel\\framework\\src\\Illuminate\\Pipeline\\Pipeline.php(183): Illuminate\\Routing\\Middleware\\SubstituteBindings->handle()
#9 C:\\OSPanel\\domains\\borovinskikh\\tests\\onlineShop\\vendor\\laravel\\framework\\src\\Illuminate\\Foundation\\Http\\Middleware\\VerifyCsrfToken.php(78): Illuminate\\Pipeline\\Pipeline->Illuminate\\Pipeline\\{closure}()
#10 C:\\OSPanel\\domains\\borovinskikh\\tests\\onlineShop\\vendor\\laravel\\framework\\src\\Illuminate\\Pipeline\\Pipeline.php(183): Illuminate\\Foundation\\Http\\Middleware\\VerifyCsrfToken->handle()
#11 C:\\OSPanel\\domains\\borovinskikh\\tests\\onlineShop\\vendor\\laravel\\framework\\src\\Illuminate\\View\\Middleware\\ShareErrorsFromSession.php(49): Illuminate\\Pipeline\\Pipeline->Illuminate\\Pipeline\\{closure}()
#12 C:\\OSPanel\\domains\\borovinskikh\\tests\\onlineShop\\vendor\\laravel\\framework\\src\\Illuminate\\Pipeline\\Pipeline.php(183): Illuminate\\View\\Middleware\\ShareErrorsFromSession->handle()
#13 C:\\OSPanel\\domains\\borovinskikh\\tests\\onlineShop\\vendor\\laravel\\framework\\src\\Illuminate\\Session\\Middleware\\StartSession.php(121): Illuminate\\Pipeline\\Pipeline->Illuminate\\Pipeline\\{closure}()
#14 C:\\OSPanel\\domains\\borovinskikh\\tests\\onlineShop\\vendor\\laravel\\framework\\src\\Illuminate\\Session\\Middleware\\StartSession.php(64): Illuminate\\Session\\Middleware\\StartSession->handleStatefulRequest()
#15 C:\\OSPanel\\domains\\borovinskikh\\tests\\onlineShop\\vendor\\laravel\\framework\\src\\Illuminate\\Pipeline\\Pipeline.php(183): Illuminate\\Session\\Middleware\\StartSession->handle()
#16 C:\\OSPanel\\domains\\borovinskikh\\tests\\onlineShop\\vendor\\laravel\\framework\\src\\Illuminate\\Cookie\\Middleware\\AddQueuedCookiesToResponse.php(37): Illuminate\\Pipeline\\Pipeline->Illuminate\\Pipeline\\{closure}()
#17 C:\\OSPanel\\domains\\borovinskikh\\tests\\onlineShop\\vendor\\laravel\\framework\\src\\Illuminate\\Pipeline\\Pipeline.php(183): Illuminate\\Cookie\\Middleware\\AddQueuedCookiesToResponse->handle()
#18 C:\\OSPanel\\domains\\borovinskikh\\tests\\onlineShop\\vendor\\laravel\\framework\\src\\Illuminate\\Cookie\\Middleware\\EncryptCookies.php(67): Illuminate\\Pipeline\\Pipeline->Illuminate\\Pipeline\\{closure}()
#19 C:\\OSPanel\\domains\\borovinskikh\\tests\\onlineShop\\vendor\\laravel\\framework\\src\\Illuminate\\Pipeline\\Pipeline.php(183): Illuminate\\Cookie\\Middleware\\EncryptCookies->handle()
#20 C:\\OSPanel\\domains\\borovinskikh\\tests\\onlineShop\\vendor\\laravel\\framework\\src\\Illuminate\\Pipeline\\Pipeline.php(119): Illuminate\\Pipeline\\Pipeline->Illuminate\\Pipeline\\{closure}()
#21 C:\\OSPanel\\domains\\borovinskikh\\tests\\onlineShop\\vendor\\laravel\\framework\\src\\Illuminate\\Routing\\Router.php(807): Illuminate\\Pipeline\\Pipeline->then()
#22 C:\\OSPanel\\domains\\borovinskikh\\tests\\onlineShop\\vendor\\laravel\\framework\\src\\Illuminate\\Routing\\Router.php(784): Illuminate\\Routing\\Router->runRouteWithinStack()
#23 C:\\OSPanel\\domains\\borovinskikh\\tests\\onlineShop\\vendor\\laravel\\framework\\src\\Illuminate\\Routing\\Router.php(748): Illuminate\\Routing\\Router->runRoute()
#24 C:\\OSPanel\\domains\\borovinskikh\\tests\\onlineShop\\vendor\\laravel\\framework\\src\\Illuminate\\Routing\\Router.php(737): Illuminate\\Routing\\Router->dispatchToRoute()
#25 C:\\OSPanel\\domains\\borovinskikh\\tests\\onlineShop\\vendor\\laravel\\framework\\src\\Illuminate\\Foundation\\Http\\Kernel.php(200): Illuminate\\Routing\\Router->dispatch()
#26 C:\\OSPanel\\domains\\borovinskikh\\tests\\onlineShop\\vendor\\laravel\\framework\\src\\Illuminate\\Pipeline\\Pipeline.php(144): Illuminate\\Foundation\\Http\\Kernel->Illuminate\\Foundation\\Http\\{closure}()
#27 C:\\OSPanel\\domains\\borovinskikh\\tests\\onlineShop\\vendor\\laravel\\framework\\src\\Illuminate\\Foundation\\Http\\Middleware\\TransformsRequest.php(21): Illuminate\\Pipeline\\Pipeline->Illuminate\\Pipeline\\{closure}()
#28 C:\\OSPanel\\domains\\borovinskikh\\tests\\onlineShop\\vendor\\laravel\\framework\\src\\Illuminate\\Foundation\\Http\\Middleware\\ConvertEmptyStringsToNull.php(31): Illuminate\\Foundation\\Http\\Middleware\\TransformsRequest->handle()
#29 C:\\OSPanel\\domains\\borovinskikh\\tests\\onlineShop\\vendor\\laravel\\framework\\src\\Illuminate\\Pipeline\\Pipeline.php(183): Illuminate\\Foundation\\Http\\Middleware\\ConvertEmptyStringsToNull->handle()
#30 C:\\OSPanel\\domains\\borovinskikh\\tests\\onlineShop\\vendor\\laravel\\framework\\src\\Illuminate\\Foundation\\Http\\Middleware\\TransformsRequest.php(21): Illuminate\\Pipeline\\Pipeline->Illuminate\\Pipeline\\{closure}()
#31 C:\\OSPanel\\domains\\borovinskikh\\tests\\onlineShop\\vendor\\laravel\\framework\\src\\Illuminate\\Foundation\\Http\\Middleware\\TrimStrings.php(40): Illuminate\\Foundation\\Http\\Middleware\\TransformsRequest->handle()
#32 C:\\OSPanel\\domains\\borovinskikh\\tests\\onlineShop\\vendor\\laravel\\framework\\src\\Illuminate\\Pipeline\\Pipeline.php(183): Illuminate\\Foundation\\Http\\Middleware\\TrimStrings->handle()
#33 C:\\OSPanel\\domains\\borovinskikh\\tests\\onlineShop\\vendor\\laravel\\framework\\src\\Illuminate\\Foundation\\Http\\Middleware\\ValidatePostSize.php(27): Illuminate\\Pipeline\\Pipeline->Illuminate\\Pipeline\\{closure}()
#34 C:\\OSPanel\\domains\\borovinskikh\\tests\\onlineShop\\vendor\\laravel\\framework\\src\\Illuminate\\Pipeline\\Pipeline.php(183): Illuminate\\Foundation\\Http\\Middleware\\ValidatePostSize->handle()
#35 C:\\OSPanel\\domains\\borovinskikh\\tests\\onlineShop\\vendor\\laravel\\framework\\src\\Illuminate\\Foundation\\Http\\Middleware\\PreventRequestsDuringMaintenance.php(99): Illuminate\\Pipeline\\Pipeline->Illuminate\\Pipeline\\{closure}()
#36 C:\\OSPanel\\domains\\borovinskikh\\tests\\onlineShop\\vendor\\laravel\\framework\\src\\Illuminate\\Pipeline\\Pipeline.php(183): Illuminate\\Foundation\\Http\\Middleware\\PreventRequestsDuringMaintenance->handle()
#37 C:\\OSPanel\\domains\\borovinskikh\\tests\\onlineShop\\vendor\\laravel\\framework\\src\\Illuminate\\Http\\Middleware\\HandleCors.php(49): Illuminate\\Pipeline\\Pipeline->Illuminate\\Pipeline\\{closure}()
#38 C:\\OSPanel\\domains\\borovinskikh\\tests\\onlineShop\\vendor\\laravel\\framework\\src\\Illuminate\\Pipeline\\Pipeline.php(183): Illuminate\\Http\\Middleware\\HandleCors->handle()
#39 C:\\OSPanel\\domains\\borovinskikh\\tests\\onlineShop\\vendor\\laravel\\framework\\src\\Illuminate\\Http\\Middleware\\TrustProxies.php(39): Illuminate\\Pipeline\\Pipeline->Illuminate\\Pipeline\\{closure}()
#40 C:\\OSPanel\\domains\\borovinskikh\\tests\\onlineShop\\vendor\\laravel\\framework\\src\\Illuminate\\Pipeline\\Pipeline.php(183): Illuminate\\Http\\Middleware\\TrustProxies->handle()
#41 C:\\OSPanel\\domains\\borovinskikh\\tests\\onlineShop\\vendor\\laravel\\framework\\src\\Illuminate\\Pipeline\\Pipeline.php(119): Illuminate\\Pipeline\\Pipeline->Illuminate\\Pipeline\\{closure}()
#42 C:\\OSPanel\\domains\\borovinskikh\\tests\\onlineShop\\vendor\\laravel\\framework\\src\\Illuminate\\Foundation\\Http\\Kernel.php(175): Illuminate\\Pipeline\\Pipeline->then()
#43 C:\\OSPanel\\domains\\borovinskikh\\tests\\onlineShop\\vendor\\laravel\\framework\\src\\Illuminate\\Foundation\\Http\\Kernel.php(144): Illuminate\\Foundation\\Http\\Kernel->sendRequestThroughRouter()
#44 C:\\OSPanel\\domains\\borovinskikh\\tests\\onlineShop\\public\\index.php(52): Illuminate\\Foundation\\Http\\Kernel->handle()
#45 {main}
"} 
[2024-04-18 08:59:19] local.ERROR: Function () does not exist {"exception":"[object] (ReflectionException(code: 0): Function () does not exist at C:\\OSPanel\\domains\\borovinskikh\\tests\\onlineShop\\vendor\\laravel\\framework\\src\\Illuminate\\Routing\\RouteSignatureParameters.php:27)
[stacktrace]
#0 C:\\OSPanel\\domains\\borovinskikh\\tests\\onlineShop\\vendor\\laravel\\framework\\src\\Illuminate\\Routing\\RouteSignatureParameters.php(27): ReflectionFunction->__construct()
#1 C:\\OSPanel\\domains\\borovinskikh\\tests\\onlineShop\\vendor\\laravel\\framework\\src\\Illuminate\\Routing\\Route.php(537): Illuminate\\Routing\\RouteSignatureParameters::fromAction()
#2 C:\\OSPanel\\domains\\borovinskikh\\tests\\onlineShop\\vendor\\laravel\\framework\\src\\Illuminate\\Routing\\ImplicitRouteBinding.php(80): Illuminate\\Routing\\Route->signatureParameters()
#3 C:\\OSPanel\\domains\\borovinskikh\\tests\\onlineShop\\vendor\\laravel\\framework\\src\\Illuminate\\Routing\\ImplicitRouteBinding.php(28): Illuminate\\Routing\\ImplicitRouteBinding::resolveBackedEnumsForRoute()
#4 C:\\OSPanel\\domains\\borovinskikh\\tests\\onlineShop\\vendor\\laravel\\framework\\src\\Illuminate\\Routing\\Router.php(959): Illuminate\\Routing\\ImplicitRouteBinding::resolveForRoute()
#5 [internal function]: Illuminate\\Routing\\Router->Illuminate\\Routing\\{closure}()
#6 C:\\OSPanel\\domains\\borovinskikh\\tests\\onlineShop\\vendor\\laravel\\framework\\src\\Illuminate\\Routing\\Router.php(962): call_user_func()
#7 C:\\OSPanel\\domains\\borovinskikh\\tests\\onlineShop\\vendor\\laravel\\framework\\src\\Illuminate\\Routing\\Middleware\\SubstituteBindings.php(41): Illuminate\\Routing\\Router->substituteImplicitBindings()
#8 C:\\OSPanel\\domains\\borovinskikh\\tests\\onlineShop\\vendor\\laravel\\framework\\src\\Illuminate\\Pipeline\\Pipeline.php(183): Illuminate\\Routing\\Middleware\\SubstituteBindings->handle()
#9 C:\\OSPanel\\domains\\borovinskikh\\tests\\onlineShop\\vendor\\laravel\\framework\\src\\Illuminate\\Foundation\\Http\\Middleware\\VerifyCsrfToken.php(78): Illuminate\\Pipeline\\Pipeline->Illuminate\\Pipeline\\{closure}()
#10 C:\\OSPanel\\domains\\borovinskikh\\tests\\onlineShop\\vendor\\laravel\\framework\\src\\Illuminate\\Pipeline\\Pipeline.php(183): Illuminate\\Foundation\\Http\\Middleware\\VerifyCsrfToken->handle()
#11 C:\\OSPanel\\domains\\borovinskikh\\tests\\onlineShop\\vendor\\laravel\\framework\\src\\Illuminate\\View\\Middleware\\ShareErrorsFromSession.php(49): Illuminate\\Pipeline\\Pipeline->Illuminate\\Pipeline\\{closure}()
#12 C:\\OSPanel\\domains\\borovinskikh\\tests\\onlineShop\\vendor\\laravel\\framework\\src\\Illuminate\\Pipeline\\Pipeline.php(183): Illuminate\\View\\Middleware\\ShareErrorsFromSession->handle()
#13 C:\\OSPanel\\domains\\borovinskikh\\tests\\onlineShop\\vendor\\laravel\\framework\\src\\Illuminate\\Session\\Middleware\\StartSession.php(121): Illuminate\\Pipeline\\Pipeline->Illuminate\\Pipeline\\{closure}()
#14 C:\\OSPanel\\domains\\borovinskikh\\tests\\onlineShop\\vendor\\laravel\\framework\\src\\Illuminate\\Session\\Middleware\\StartSession.php(64): Illuminate\\Session\\Middleware\\StartSession->handleStatefulRequest()
#15 C:\\OSPanel\\domains\\borovinskikh\\tests\\onlineShop\\vendor\\laravel\\framework\\src\\Illuminate\\Pipeline\\Pipeline.php(183): Illuminate\\Session\\Middleware\\StartSession->handle()
#16 C:\\OSPanel\\domains\\borovinskikh\\tests\\onlineShop\\vendor\\laravel\\framework\\src\\Illuminate\\Cookie\\Middleware\\AddQueuedCookiesToResponse.php(37): Illuminate\\Pipeline\\Pipeline->Illuminate\\Pipeline\\{closure}()
#17 C:\\OSPanel\\domains\\borovinskikh\\tests\\onlineShop\\vendor\\laravel\\framework\\src\\Illuminate\\Pipeline\\Pipeline.php(183): Illuminate\\Cookie\\Middleware\\AddQueuedCookiesToResponse->handle()
#18 C:\\OSPanel\\domains\\borovinskikh\\tests\\onlineShop\\vendor\\laravel\\framework\\src\\Illuminate\\Cookie\\Middleware\\EncryptCookies.php(67): Illuminate\\Pipeline\\Pipeline->Illuminate\\Pipeline\\{closure}()
#19 C:\\OSPanel\\domains\\borovinskikh\\tests\\onlineShop\\vendor\\laravel\\framework\\src\\Illuminate\\Pipeline\\Pipeline.php(183): Illuminate\\Cookie\\Middleware\\EncryptCookies->handle()
#20 C:\\OSPanel\\domains\\borovinskikh\\tests\\onlineShop\\vendor\\laravel\\framework\\src\\Illuminate\\Pipeline\\Pipeline.php(119): Illuminate\\Pipeline\\Pipeline->Illuminate\\Pipeline\\{closure}()
#21 C:\\OSPanel\\domains\\borovinskikh\\tests\\onlineShop\\vendor\\laravel\\framework\\src\\Illuminate\\Routing\\Router.php(807): Illuminate\\Pipeline\\Pipeline->then()
#22 C:\\OSPanel\\domains\\borovinskikh\\tests\\onlineShop\\vendor\\laravel\\framework\\src\\Illuminate\\Routing\\Router.php(784): Illuminate\\Routing\\Router->runRouteWithinStack()
#23 C:\\OSPanel\\domains\\borovinskikh\\tests\\onlineShop\\vendor\\laravel\\framework\\src\\Illuminate\\Routing\\Router.php(748): Illuminate\\Routing\\Router->runRoute()
#24 C:\\OSPanel\\domains\\borovinskikh\\tests\\onlineShop\\vendor\\laravel\\framework\\src\\Illuminate\\Routing\\Router.php(737): Illuminate\\Routing\\Router->dispatchToRoute()
#25 C:\\OSPanel\\domains\\borovinskikh\\tests\\onlineShop\\vendor\\laravel\\framework\\src\\Illuminate\\Foundation\\Http\\Kernel.php(200): Illuminate\\Routing\\Router->dispatch()
#26 C:\\OSPanel\\domains\\borovinskikh\\tests\\onlineShop\\vendor\\laravel\\framework\\src\\Illuminate\\Pipeline\\Pipeline.php(144): Illuminate\\Foundation\\Http\\Kernel->Illuminate\\Foundation\\Http\\{closure}()
#27 C:\\OSPanel\\domains\\borovinskikh\\tests\\onlineShop\\vendor\\laravel\\framework\\src\\Illuminate\\Foundation\\Http\\Middleware\\TransformsRequest.php(21): Illuminate\\Pipeline\\Pipeline->Illuminate\\Pipeline\\{closure}()
#28 C:\\OSPanel\\domains\\borovinskikh\\tests\\onlineShop\\vendor\\laravel\\framework\\src\\Illuminate\\Foundation\\Http\\Middleware\\ConvertEmptyStringsToNull.php(31): Illuminate\\Foundation\\Http\\Middleware\\TransformsRequest->handle()
#29 C:\\OSPanel\\domains\\borovinskikh\\tests\\onlineShop\\vendor\\laravel\\framework\\src\\Illuminate\\Pipeline\\Pipeline.php(183): Illuminate\\Foundation\\Http\\Middleware\\ConvertEmptyStringsToNull->handle()
#30 C:\\OSPanel\\domains\\borovinskikh\\tests\\onlineShop\\vendor\\laravel\\framework\\src\\Illuminate\\Foundation\\Http\\Middleware\\TransformsRequest.php(21): Illuminate\\Pipeline\\Pipeline->Illuminate\\Pipeline\\{closure}()
#31 C:\\OSPanel\\domains\\borovinskikh\\tests\\onlineShop\\vendor\\laravel\\framework\\src\\Illuminate\\Foundation\\Http\\Middleware\\TrimStrings.php(40): Illuminate\\Foundation\\Http\\Middleware\\TransformsRequest->handle()
#32 C:\\OSPanel\\domains\\borovinskikh\\tests\\onlineShop\\vendor\\laravel\\framework\\src\\Illuminate\\Pipeline\\Pipeline.php(183): Illuminate\\Foundation\\Http\\Middleware\\TrimStrings->handle()
#33 C:\\OSPanel\\domains\\borovinskikh\\tests\\onlineShop\\vendor\\laravel\\framework\\src\\Illuminate\\Foundation\\Http\\Middleware\\ValidatePostSize.php(27): Illuminate\\Pipeline\\Pipeline->Illuminate\\Pipeline\\{closure}()
#34 C:\\OSPanel\\domains\\borovinskikh\\tests\\onlineShop\\vendor\\laravel\\framework\\src\\Illuminate\\Pipeline\\Pipeline.php(183): Illuminate\\Foundation\\Http\\Middleware\\ValidatePostSize->handle()
#35 C:\\OSPanel\\domains\\borovinskikh\\tests\\onlineShop\\vendor\\laravel\\framework\\src\\Illuminate\\Foundation\\Http\\Middleware\\PreventRequestsDuringMaintenance.php(99): Illuminate\\Pipeline\\Pipeline->Illuminate\\Pipeline\\{closure}()
#36 C:\\OSPanel\\domains\\borovinskikh\\tests\\onlineShop\\vendor\\laravel\\framework\\src\\Illuminate\\Pipeline\\Pipeline.php(183): Illuminate\\Foundation\\Http\\Middleware\\PreventRequestsDuringMaintenance->handle()
#37 C:\\OSPanel\\domains\\borovinskikh\\tests\\onlineShop\\vendor\\laravel\\framework\\src\\Illuminate\\Http\\Middleware\\HandleCors.php(49): Illuminate\\Pipeline\\Pipeline->Illuminate\\Pipeline\\{closure}()
#38 C:\\OSPanel\\domains\\borovinskikh\\tests\\onlineShop\\vendor\\laravel\\framework\\src\\Illuminate\\Pipeline\\Pipeline.php(183): Illuminate\\Http\\Middleware\\HandleCors->handle()
#39 C:\\OSPanel\\domains\\borovinskikh\\tests\\onlineShop\\vendor\\laravel\\framework\\src\\Illuminate\\Http\\Middleware\\TrustProxies.php(39): Illuminate\\Pipeline\\Pipeline->Illuminate\\Pipeline\\{closure}()
#40 C:\\OSPanel\\domains\\borovinskikh\\tests\\onlineShop\\vendor\\laravel\\framework\\src\\Illuminate\\Pipeline\\Pipeline.php(183): Illuminate\\Http\\Middleware\\TrustProxies->handle()
#41 C:\\OSPanel\\domains\\borovinskikh\\tests\\onlineShop\\vendor\\laravel\\framework\\src\\Illuminate\\Pipeline\\Pipeline.php(119): Illuminate\\Pipeline\\Pipeline->Illuminate\\Pipeline\\{closure}()
#42 C:\\OSPanel\\domains\\borovinskikh\\tests\\onlineShop\\vendor\\laravel\\framework\\src\\Illuminate\\Foundation\\Http\\Kernel.php(175): Illuminate\\Pipeline\\Pipeline->then()
#43 C:\\OSPanel\\domains\\borovinskikh\\tests\\onlineShop\\vendor\\laravel\\framework\\src\\Illuminate\\Foundation\\Http\\Kernel.php(144): Illuminate\\Foundation\\Http\\Kernel->sendRequestThroughRouter()
#44 C:\\OSPanel\\domains\\borovinskikh\\tests\\onlineShop\\public\\index.php(52): Illuminate\\Foundation\\Http\\Kernel->handle()
#45 {main}
"} 
[2024-04-18 09:44:16] local.ERROR: This password does not use the Bcrypt algorithm. {"exception":"[object] (RuntimeException(code: 0): This password does not use the Bcrypt algorithm. at C:\\OSPanel\\domains\\borovinskikh\\tests\\onlineShop\\vendor\\laravel\\framework\\src\\Illuminate\\Hashing\\BcryptHasher.php:71)
[stacktrace]
#0 C:\\OSPanel\\domains\\borovinskikh\\tests\\onlineShop\\vendor\\laravel\\framework\\src\\Illuminate\\Hashing\\HashManager.php(76): Illuminate\\Hashing\\BcryptHasher->check()
#1 C:\\OSPanel\\domains\\borovinskikh\\tests\\onlineShop\\vendor\\laravel\\framework\\src\\Illuminate\\Auth\\EloquentUserProvider.php(155): Illuminate\\Hashing\\HashManager->check()
#2 C:\\OSPanel\\domains\\borovinskikh\\tests\\onlineShop\\vendor\\laravel\\framework\\src\\Illuminate\\Auth\\SessionGuard.php(438): Illuminate\\Auth\\EloquentUserProvider->validateCredentials()
#3 C:\\OSPanel\\domains\\borovinskikh\\tests\\onlineShop\\vendor\\laravel\\framework\\src\\Illuminate\\Support\\Timebox.php(32): Illuminate\\Auth\\SessionGuard->Illuminate\\Auth\\{closure}()
#4 C:\\OSPanel\\domains\\borovinskikh\\tests\\onlineShop\\vendor\\laravel\\framework\\src\\Illuminate\\Auth\\SessionGuard.php(447): Illuminate\\Support\\Timebox->call()
#5 C:\\OSPanel\\domains\\borovinskikh\\tests\\onlineShop\\vendor\\laravel\\framework\\src\\Illuminate\\Auth\\SessionGuard.php(386): Illuminate\\Auth\\SessionGuard->hasValidCredentials()
#6 C:\\OSPanel\\domains\\borovinskikh\\tests\\onlineShop\\vendor\\laravel\\framework\\src\\Illuminate\\Auth\\AuthManager.php(340): Illuminate\\Auth\\SessionGuard->attempt()
#7 C:\\OSPanel\\domains\\borovinskikh\\tests\\onlineShop\\vendor\\laravel\\framework\\src\\Illuminate\\Support\\Facades\\Facade.php(355): Illuminate\\Auth\\AuthManager->__call()
#8 C:\\OSPanel\\domains\\borovinskikh\\tests\\onlineShop\\app\\Http\\Controllers\\UserController.php(15): Illuminate\\Support\\Facades\\Facade::__callStatic()
#9 C:\\OSPanel\\domains\\borovinskikh\\tests\\onlineShop\\vendor\\laravel\\framework\\src\\Illuminate\\Routing\\Controller.php(54): App\\Http\\Controllers\\UserController->login()
#10 C:\\OSPanel\\domains\\borovinskikh\\tests\\onlineShop\\vendor\\laravel\\framework\\src\\Illuminate\\Routing\\ControllerDispatcher.php(43): Illuminate\\Routing\\Controller->callAction()
#11 C:\\OSPanel\\domains\\borovinskikh\\tests\\onlineShop\\vendor\\laravel\\framework\\src\\Illuminate\\Routing\\Route.php(260): Illuminate\\Routing\\ControllerDispatcher->dispatch()
#12 C:\\OSPanel\\domains\\borovinskikh\\tests\\onlineShop\\vendor\\laravel\\framework\\src\\Illuminate\\Routing\\Route.php(205): Illuminate\\Routing\\Route->runController()
#13 C:\\OSPanel\\domains\\borovinskikh\\tests\\onlineShop\\vendor\\laravel\\framework\\src\\Illuminate\\Routing\\Router.php(806): Illuminate\\Routing\\Route->run()
#14 C:\\OSPanel\\domains\\borovinskikh\\tests\\onlineShop\\vendor\\laravel\\framework\\src\\Illuminate\\Pipeline\\Pipeline.php(144): Illuminate\\Routing\\Router->Illuminate\\Routing\\{closure}()
#15 C:\\OSPanel\\domains\\borovinskikh\\tests\\onlineShop\\vendor\\laravel\\framework\\src\\Illuminate\\Routing\\Middleware\\SubstituteBindings.php(50): Illuminate\\Pipeline\\Pipeline->Illuminate\\Pipeline\\{closure}()
#16 C:\\OSPanel\\domains\\borovinskikh\\tests\\onlineShop\\vendor\\laravel\\framework\\src\\Illuminate\\Pipeline\\Pipeline.php(183): Illuminate\\Routing\\Middleware\\SubstituteBindings->handle()
#17 C:\\OSPanel\\domains\\borovinskikh\\tests\\onlineShop\\vendor\\laravel\\framework\\src\\Illuminate\\Foundation\\Http\\Middleware\\VerifyCsrfToken.php(78): Illuminate\\Pipeline\\Pipeline->Illuminate\\Pipeline\\{closure}()
#18 C:\\OSPanel\\domains\\borovinskikh\\tests\\onlineShop\\vendor\\laravel\\framework\\src\\Illuminate\\Pipeline\\Pipeline.php(183): Illuminate\\Foundation\\Http\\Middleware\\VerifyCsrfToken->handle()
#19 C:\\OSPanel\\domains\\borovinskikh\\tests\\onlineShop\\vendor\\laravel\\framework\\src\\Illuminate\\View\\Middleware\\ShareErrorsFromSession.php(49): Illuminate\\Pipeline\\Pipeline->Illuminate\\Pipeline\\{closure}()
#20 C:\\OSPanel\\domains\\borovinskikh\\tests\\onlineShop\\vendor\\laravel\\framework\\src\\Illuminate\\Pipeline\\Pipeline.php(183): Illuminate\\View\\Middleware\\ShareErrorsFromSession->handle()
#21 C:\\OSPanel\\domains\\borovinskikh\\tests\\onlineShop\\vendor\\laravel\\framework\\src\\Illuminate\\Session\\Middleware\\StartSession.php(121): Illuminate\\Pipeline\\Pipeline->Illuminate\\Pipeline\\{closure}()
#22 C:\\OSPanel\\domains\\borovinskikh\\tests\\onlineShop\\vendor\\laravel\\framework\\src\\Illuminate\\Session\\Middleware\\StartSession.php(64): Illuminate\\Session\\Middleware\\StartSession->handleStatefulRequest()
#23 C:\\OSPanel\\domains\\borovinskikh\\tests\\onlineShop\\vendor\\laravel\\framework\\src\\Illuminate\\Pipeline\\Pipeline.php(183): Illuminate\\Session\\Middleware\\StartSession->handle()
#24 C:\\OSPanel\\domains\\borovinskikh\\tests\\onlineShop\\vendor\\laravel\\framework\\src\\Illuminate\\Cookie\\Middleware\\AddQueuedCookiesToResponse.php(37): Illuminate\\Pipeline\\Pipeline->Illuminate\\Pipeline\\{closure}()
#25 C:\\OSPanel\\domains\\borovinskikh\\tests\\onlineShop\\vendor\\laravel\\framework\\src\\Illuminate\\Pipeline\\Pipeline.php(183): Illuminate\\Cookie\\Middleware\\AddQueuedCookiesToResponse->handle()
#26 C:\\OSPanel\\domains\\borovinskikh\\tests\\onlineShop\\vendor\\laravel\\framework\\src\\Illuminate\\Cookie\\Middleware\\EncryptCookies.php(67): Illuminate\\Pipeline\\Pipeline->Illuminate\\Pipeline\\{closure}()
#27 C:\\OSPanel\\domains\\borovinskikh\\tests\\onlineShop\\vendor\\laravel\\framework\\src\\Illuminate\\Pipeline\\Pipeline.php(183): Illuminate\\Cookie\\Middleware\\EncryptCookies->handle()
#28 C:\\OSPanel\\domains\\borovinskikh\\tests\\onlineShop\\vendor\\laravel\\framework\\src\\Illuminate\\Pipeline\\Pipeline.php(119): Illuminate\\Pipeline\\Pipeline->Illuminate\\Pipeline\\{closure}()
#29 C:\\OSPanel\\domains\\borovinskikh\\tests\\onlineShop\\vendor\\laravel\\framework\\src\\Illuminate\\Routing\\Router.php(807): Illuminate\\Pipeline\\Pipeline->then()
#30 C:\\OSPanel\\domains\\borovinskikh\\tests\\onlineShop\\vendor\\laravel\\framework\\src\\Illuminate\\Routing\\Router.php(784): Illuminate\\Routing\\Router->runRouteWithinStack()
#31 C:\\OSPanel\\domains\\borovinskikh\\tests\\onlineShop\\vendor\\laravel\\framework\\src\\Illuminate\\Routing\\Router.php(748): Illuminate\\Routing\\Router->runRoute()
#32 C:\\OSPanel\\domains\\borovinskikh\\tests\\onlineShop\\vendor\\laravel\\framework\\src\\Illuminate\\Routing\\Router.php(737): Illuminate\\Routing\\Router->dispatchToRoute()
#33 C:\\OSPanel\\domains\\borovinskikh\\tests\\onlineShop\\vendor\\laravel\\framework\\src\\Illuminate\\Foundation\\Http\\Kernel.php(200): Illuminate\\Routing\\Router->dispatch()
#34 C:\\OSPanel\\domains\\borovinskikh\\tests\\onlineShop\\vendor\\laravel\\framework\\src\\Illuminate\\Pipeline\\Pipeline.php(144): Illuminate\\Foundation\\Http\\Kernel->Illuminate\\Foundation\\Http\\{closure}()
#35 C:\\OSPanel\\domains\\borovinskikh\\tests\\onlineShop\\vendor\\laravel\\framework\\src\\Illuminate\\Foundation\\Http\\Middleware\\TransformsRequest.php(21): Illuminate\\Pipeline\\Pipeline->Illuminate\\Pipeline\\{closure}()
#36 C:\\OSPanel\\domains\\borovinskikh\\tests\\onlineShop\\vendor\\laravel\\framework\\src\\Illuminate\\Foundation\\Http\\Middleware\\ConvertEmptyStringsToNull.php(31): Illuminate\\Foundation\\Http\\Middleware\\TransformsRequest->handle()
#37 C:\\OSPanel\\domains\\borovinskikh\\tests\\onlineShop\\vendor\\laravel\\framework\\src\\Illuminate\\Pipeline\\Pipeline.php(183): Illuminate\\Foundation\\Http\\Middleware\\ConvertEmptyStringsToNull->handle()
#38 C:\\OSPanel\\domains\\borovinskikh\\tests\\onlineShop\\vendor\\laravel\\framework\\src\\Illuminate\\Foundation\\Http\\Middleware\\TransformsRequest.php(21): Illuminate\\Pipeline\\Pipeline->Illuminate\\Pipeline\\{closure}()
#39 C:\\OSPanel\\domains\\borovinskikh\\tests\\onlineShop\\vendor\\laravel\\framework\\src\\Illuminate\\Foundation\\Http\\Middleware\\TrimStrings.php(40): Illuminate\\Foundation\\Http\\Middleware\\TransformsRequest->handle()
#40 C:\\OSPanel\\domains\\borovinskikh\\tests\\onlineShop\\vendor\\laravel\\framework\\src\\Illuminate\\Pipeline\\Pipeline.php(183): Illuminate\\Foundation\\Http\\Middleware\\TrimStrings->handle()
#41 C:\\OSPanel\\domains\\borovinskikh\\tests\\onlineShop\\vendor\\laravel\\framework\\src\\Illuminate\\Foundation\\Http\\Middleware\\ValidatePostSize.php(27): Illuminate\\Pipeline\\Pipeline->Illuminate\\Pipeline\\{closure}()
#42 C:\\OSPanel\\domains\\borovinskikh\\tests\\onlineShop\\vendor\\laravel\\framework\\src\\Illuminate\\Pipeline\\Pipeline.php(183): Illuminate\\Foundation\\Http\\Middleware\\ValidatePostSize->handle()
#43 C:\\OSPanel\\domains\\borovinskikh\\tests\\onlineShop\\vendor\\laravel\\framework\\src\\Illuminate\\Foundation\\Http\\Middleware\\PreventRequestsDuringMaintenance.php(99): Illuminate\\Pipeline\\Pipeline->Illuminate\\Pipeline\\{closure}()
#44 C:\\OSPanel\\domains\\borovinskikh\\tests\\onlineShop\\vendor\\laravel\\framework\\src\\Illuminate\\Pipeline\\Pipeline.php(183): Illuminate\\Foundation\\Http\\Middleware\\PreventRequestsDuringMaintenance->handle()
#45 C:\\OSPanel\\domains\\borovinskikh\\tests\\onlineShop\\vendor\\laravel\\framework\\src\\Illuminate\\Http\\Middleware\\HandleCors.php(49): Illuminate\\Pipeline\\Pipeline->Illuminate\\Pipeline\\{closure}()
#46 C:\\OSPanel\\domains\\borovinskikh\\tests\\onlineShop\\vendor\\laravel\\framework\\src\\Illuminate\\Pipeline\\Pipeline.php(183): Illuminate\\Http\\Middleware\\HandleCors->handle()
#47 C:\\OSPanel\\domains\\borovinskikh\\tests\\onlineShop\\vendor\\laravel\\framework\\src\\Illuminate\\Http\\Middleware\\TrustProxies.php(39): Illuminate\\Pipeline\\Pipeline->Illuminate\\Pipeline\\{closure}()
#48 C:\\OSPanel\\domains\\borovinskikh\\tests\\onlineShop\\vendor\\laravel\\framework\\src\\Illuminate\\Pipeline\\Pipeline.php(183): Illuminate\\Http\\Middleware\\TrustProxies->handle()
#49 C:\\OSPanel\\domains\\borovinskikh\\tests\\onlineShop\\vendor\\laravel\\framework\\src\\Illuminate\\Pipeline\\Pipeline.php(119): Illuminate\\Pipeline\\Pipeline->Illuminate\\Pipeline\\{closure}()
#50 C:\\OSPanel\\domains\\borovinskikh\\tests\\onlineShop\\vendor\\laravel\\framework\\src\\Illuminate\\Foundation\\Http\\Kernel.php(175): Illuminate\\Pipeline\\Pipeline->then()
#51 C:\\OSPanel\\domains\\borovinskikh\\tests\\onlineShop\\vendor\\laravel\\framework\\src\\Illuminate\\Foundation\\Http\\Kernel.php(144): Illuminate\\Foundation\\Http\\Kernel->sendRequestThroughRouter()
#52 C:\\OSPanel\\domains\\borovinskikh\\tests\\onlineShop\\public\\index.php(52): Illuminate\\Foundation\\Http\\Kernel->handle()
#53 {main}
"} 
[2024-04-18 09:44:22] local.ERROR: This password does not use the Bcrypt algorithm. {"exception":"[object] (RuntimeException(code: 0): This password does not use the Bcrypt algorithm. at C:\\OSPanel\\domains\\borovinskikh\\tests\\onlineShop\\vendor\\laravel\\framework\\src\\Illuminate\\Hashing\\BcryptHasher.php:71)
[stacktrace]
#0 C:\\OSPanel\\domains\\borovinskikh\\tests\\onlineShop\\vendor\\laravel\\framework\\src\\Illuminate\\Hashing\\HashManager.php(76): Illuminate\\Hashing\\BcryptHasher->check()
#1 C:\\OSPanel\\domains\\borovinskikh\\tests\\onlineShop\\vendor\\laravel\\framework\\src\\Illuminate\\Auth\\EloquentUserProvider.php(155): Illuminate\\Hashing\\HashManager->check()
#2 C:\\OSPanel\\domains\\borovinskikh\\tests\\onlineShop\\vendor\\laravel\\framework\\src\\Illuminate\\Auth\\SessionGuard.php(438): Illuminate\\Auth\\EloquentUserProvider->validateCredentials()
#3 C:\\OSPanel\\domains\\borovinskikh\\tests\\onlineShop\\vendor\\laravel\\framework\\src\\Illuminate\\Support\\Timebox.php(32): Illuminate\\Auth\\SessionGuard->Illuminate\\Auth\\{closure}()
#4 C:\\OSPanel\\domains\\borovinskikh\\tests\\onlineShop\\vendor\\laravel\\framework\\src\\Illuminate\\Auth\\SessionGuard.php(447): Illuminate\\Support\\Timebox->call()
#5 C:\\OSPanel\\domains\\borovinskikh\\tests\\onlineShop\\vendor\\laravel\\framework\\src\\Illuminate\\Auth\\SessionGuard.php(386): Illuminate\\Auth\\SessionGuard->hasValidCredentials()
#6 C:\\OSPanel\\domains\\borovinskikh\\tests\\onlineShop\\vendor\\laravel\\framework\\src\\Illuminate\\Auth\\AuthManager.php(340): Illuminate\\Auth\\SessionGuard->attempt()
#7 C:\\OSPanel\\domains\\borovinskikh\\tests\\onlineShop\\vendor\\laravel\\framework\\src\\Illuminate\\Support\\Facades\\Facade.php(355): Illuminate\\Auth\\AuthManager->__call()
#8 C:\\OSPanel\\domains\\borovinskikh\\tests\\onlineShop\\app\\Http\\Controllers\\UserController.php(15): Illuminate\\Support\\Facades\\Facade::__callStatic()
#9 C:\\OSPanel\\domains\\borovinskikh\\tests\\onlineShop\\vendor\\laravel\\framework\\src\\Illuminate\\Routing\\Controller.php(54): App\\Http\\Controllers\\UserController->login()
#10 C:\\OSPanel\\domains\\borovinskikh\\tests\\onlineShop\\vendor\\laravel\\framework\\src\\Illuminate\\Routing\\ControllerDispatcher.php(43): Illuminate\\Routing\\Controller->callAction()
#11 C:\\OSPanel\\domains\\borovinskikh\\tests\\onlineShop\\vendor\\laravel\\framework\\src\\Illuminate\\Routing\\Route.php(260): Illuminate\\Routing\\ControllerDispatcher->dispatch()
#12 C:\\OSPanel\\domains\\borovinskikh\\tests\\onlineShop\\vendor\\laravel\\framework\\src\\Illuminate\\Routing\\Route.php(205): Illuminate\\Routing\\Route->runController()
#13 C:\\OSPanel\\domains\\borovinskikh\\tests\\onlineShop\\vendor\\laravel\\framework\\src\\Illuminate\\Routing\\Router.php(806): Illuminate\\Routing\\Route->run()
#14 C:\\OSPanel\\domains\\borovinskikh\\tests\\onlineShop\\vendor\\laravel\\framework\\src\\Illuminate\\Pipeline\\Pipeline.php(144): Illuminate\\Routing\\Router->Illuminate\\Routing\\{closure}()
#15 C:\\OSPanel\\domains\\borovinskikh\\tests\\onlineShop\\vendor\\laravel\\framework\\src\\Illuminate\\Routing\\Middleware\\SubstituteBindings.php(50): Illuminate\\Pipeline\\Pipeline->Illuminate\\Pipeline\\{closure}()
#16 C:\\OSPanel\\domains\\borovinskikh\\tests\\onlineShop\\vendor\\laravel\\framework\\src\\Illuminate\\Pipeline\\Pipeline.php(183): Illuminate\\Routing\\Middleware\\SubstituteBindings->handle()
#17 C:\\OSPanel\\domains\\borovinskikh\\tests\\onlineShop\\vendor\\laravel\\framework\\src\\Illuminate\\Foundation\\Http\\Middleware\\VerifyCsrfToken.php(78): Illuminate\\Pipeline\\Pipeline->Illuminate\\Pipeline\\{closure}()
#18 C:\\OSPanel\\domains\\borovinskikh\\tests\\onlineShop\\vendor\\laravel\\framework\\src\\Illuminate\\Pipeline\\Pipeline.php(183): Illuminate\\Foundation\\Http\\Middleware\\VerifyCsrfToken->handle()
#19 C:\\OSPanel\\domains\\borovinskikh\\tests\\onlineShop\\vendor\\laravel\\framework\\src\\Illuminate\\View\\Middleware\\ShareErrorsFromSession.php(49): Illuminate\\Pipeline\\Pipeline->Illuminate\\Pipeline\\{closure}()
#20 C:\\OSPanel\\domains\\borovinskikh\\tests\\onlineShop\\vendor\\laravel\\framework\\src\\Illuminate\\Pipeline\\Pipeline.php(183): Illuminate\\View\\Middleware\\ShareErrorsFromSession->handle()
#21 C:\\OSPanel\\domains\\borovinskikh\\tests\\onlineShop\\vendor\\laravel\\framework\\src\\Illuminate\\Session\\Middleware\\StartSession.php(121): Illuminate\\Pipeline\\Pipeline->Illuminate\\Pipeline\\{closure}()
#22 C:\\OSPanel\\domains\\borovinskikh\\tests\\onlineShop\\vendor\\laravel\\framework\\src\\Illuminate\\Session\\Middleware\\StartSession.php(64): Illuminate\\Session\\Middleware\\StartSession->handleStatefulRequest()
#23 C:\\OSPanel\\domains\\borovinskikh\\tests\\onlineShop\\vendor\\laravel\\framework\\src\\Illuminate\\Pipeline\\Pipeline.php(183): Illuminate\\Session\\Middleware\\StartSession->handle()
#24 C:\\OSPanel\\domains\\borovinskikh\\tests\\onlineShop\\vendor\\laravel\\framework\\src\\Illuminate\\Cookie\\Middleware\\AddQueuedCookiesToResponse.php(37): Illuminate\\Pipeline\\Pipeline->Illuminate\\Pipeline\\{closure}()
#25 C:\\OSPanel\\domains\\borovinskikh\\tests\\onlineShop\\vendor\\laravel\\framework\\src\\Illuminate\\Pipeline\\Pipeline.php(183): Illuminate\\Cookie\\Middleware\\AddQueuedCookiesToResponse->handle()
#26 C:\\OSPanel\\domains\\borovinskikh\\tests\\onlineShop\\vendor\\laravel\\framework\\src\\Illuminate\\Cookie\\Middleware\\EncryptCookies.php(67): Illuminate\\Pipeline\\Pipeline->Illuminate\\Pipeline\\{closure}()
#27 C:\\OSPanel\\domains\\borovinskikh\\tests\\onlineShop\\vendor\\laravel\\framework\\src\\Illuminate\\Pipeline\\Pipeline.php(183): Illuminate\\Cookie\\Middleware\\EncryptCookies->handle()
#28 C:\\OSPanel\\domains\\borovinskikh\\tests\\onlineShop\\vendor\\laravel\\framework\\src\\Illuminate\\Pipeline\\Pipeline.php(119): Illuminate\\Pipeline\\Pipeline->Illuminate\\Pipeline\\{closure}()
#29 C:\\OSPanel\\domains\\borovinskikh\\tests\\onlineShop\\vendor\\laravel\\framework\\src\\Illuminate\\Routing\\Router.php(807): Illuminate\\Pipeline\\Pipeline->then()
#30 C:\\OSPanel\\domains\\borovinskikh\\tests\\onlineShop\\vendor\\laravel\\framework\\src\\Illuminate\\Routing\\Router.php(784): Illuminate\\Routing\\Router->runRouteWithinStack()
#31 C:\\OSPanel\\domains\\borovinskikh\\tests\\onlineShop\\vendor\\laravel\\framework\\src\\Illuminate\\Routing\\Router.php(748): Illuminate\\Routing\\Router->runRoute()
#32 C:\\OSPanel\\domains\\borovinskikh\\tests\\onlineShop\\vendor\\laravel\\framework\\src\\Illuminate\\Routing\\Router.php(737): Illuminate\\Routing\\Router->dispatchToRoute()
#33 C:\\OSPanel\\domains\\borovinskikh\\tests\\onlineShop\\vendor\\laravel\\framework\\src\\Illuminate\\Foundation\\Http\\Kernel.php(200): Illuminate\\Routing\\Router->dispatch()
#34 C:\\OSPanel\\domains\\borovinskikh\\tests\\onlineShop\\vendor\\laravel\\framework\\src\\Illuminate\\Pipeline\\Pipeline.php(144): Illuminate\\Foundation\\Http\\Kernel->Illuminate\\Foundation\\Http\\{closure}()
#35 C:\\OSPanel\\domains\\borovinskikh\\tests\\onlineShop\\vendor\\laravel\\framework\\src\\Illuminate\\Foundation\\Http\\Middleware\\TransformsRequest.php(21): Illuminate\\Pipeline\\Pipeline->Illuminate\\Pipeline\\{closure}()
#36 C:\\OSPanel\\domains\\borovinskikh\\tests\\onlineShop\\vendor\\laravel\\framework\\src\\Illuminate\\Foundation\\Http\\Middleware\\ConvertEmptyStringsToNull.php(31): Illuminate\\Foundation\\Http\\Middleware\\TransformsRequest->handle()
#37 C:\\OSPanel\\domains\\borovinskikh\\tests\\onlineShop\\vendor\\laravel\\framework\\src\\Illuminate\\Pipeline\\Pipeline.php(183): Illuminate\\Foundation\\Http\\Middleware\\ConvertEmptyStringsToNull->handle()
#38 C:\\OSPanel\\domains\\borovinskikh\\tests\\onlineShop\\vendor\\laravel\\framework\\src\\Illuminate\\Foundation\\Http\\Middleware\\TransformsRequest.php(21): Illuminate\\Pipeline\\Pipeline->Illuminate\\Pipeline\\{closure}()
#39 C:\\OSPanel\\domains\\borovinskikh\\tests\\onlineShop\\vendor\\laravel\\framework\\src\\Illuminate\\Foundation\\Http\\Middleware\\TrimStrings.php(40): Illuminate\\Foundation\\Http\\Middleware\\TransformsRequest->handle()
#40 C:\\OSPanel\\domains\\borovinskikh\\tests\\onlineShop\\vendor\\laravel\\framework\\src\\Illuminate\\Pipeline\\Pipeline.php(183): Illuminate\\Foundation\\Http\\Middleware\\TrimStrings->handle()
#41 C:\\OSPanel\\domains\\borovinskikh\\tests\\onlineShop\\vendor\\laravel\\framework\\src\\Illuminate\\Foundation\\Http\\Middleware\\ValidatePostSize.php(27): Illuminate\\Pipeline\\Pipeline->Illuminate\\Pipeline\\{closure}()
#42 C:\\OSPanel\\domains\\borovinskikh\\tests\\onlineShop\\vendor\\laravel\\framework\\src\\Illuminate\\Pipeline\\Pipeline.php(183): Illuminate\\Foundation\\Http\\Middleware\\ValidatePostSize->handle()
#43 C:\\OSPanel\\domains\\borovinskikh\\tests\\onlineShop\\vendor\\laravel\\framework\\src\\Illuminate\\Foundation\\Http\\Middleware\\PreventRequestsDuringMaintenance.php(99): Illuminate\\Pipeline\\Pipeline->Illuminate\\Pipeline\\{closure}()
#44 C:\\OSPanel\\domains\\borovinskikh\\tests\\onlineShop\\vendor\\laravel\\framework\\src\\Illuminate\\Pipeline\\Pipeline.php(183): Illuminate\\Foundation\\Http\\Middleware\\PreventRequestsDuringMaintenance->handle()
#45 C:\\OSPanel\\domains\\borovinskikh\\tests\\onlineShop\\vendor\\laravel\\framework\\src\\Illuminate\\Http\\Middleware\\HandleCors.php(49): Illuminate\\Pipeline\\Pipeline->Illuminate\\Pipeline\\{closure}()
#46 C:\\OSPanel\\domains\\borovinskikh\\tests\\onlineShop\\vendor\\laravel\\framework\\src\\Illuminate\\Pipeline\\Pipeline.php(183): Illuminate\\Http\\Middleware\\HandleCors->handle()
#47 C:\\OSPanel\\domains\\borovinskikh\\tests\\onlineShop\\vendor\\laravel\\framework\\src\\Illuminate\\Http\\Middleware\\TrustProxies.php(39): Illuminate\\Pipeline\\Pipeline->Illuminate\\Pipeline\\{closure}()
#48 C:\\OSPanel\\domains\\borovinskikh\\tests\\onlineShop\\vendor\\laravel\\framework\\src\\Illuminate\\Pipeline\\Pipeline.php(183): Illuminate\\Http\\Middleware\\TrustProxies->handle()
#49 C:\\OSPanel\\domains\\borovinskikh\\tests\\onlineShop\\vendor\\laravel\\framework\\src\\Illuminate\\Pipeline\\Pipeline.php(119): Illuminate\\Pipeline\\Pipeline->Illuminate\\Pipeline\\{closure}()
#50 C:\\OSPanel\\domains\\borovinskikh\\tests\\onlineShop\\vendor\\laravel\\framework\\src\\Illuminate\\Foundation\\Http\\Kernel.php(175): Illuminate\\Pipeline\\Pipeline->then()
#51 C:\\OSPanel\\domains\\borovinskikh\\tests\\onlineShop\\vendor\\laravel\\framework\\src\\Illuminate\\Foundation\\Http\\Kernel.php(144): Illuminate\\Foundation\\Http\\Kernel->sendRequestThroughRouter()
#52 C:\\OSPanel\\domains\\borovinskikh\\tests\\onlineShop\\public\\index.php(52): Illuminate\\Foundation\\Http\\Kernel->handle()
#53 {main}
"} 
[2024-04-18 09:44:36] local.ERROR: This password does not use the Bcrypt algorithm. {"exception":"[object] (RuntimeException(code: 0): This password does not use the Bcrypt algorithm. at C:\\OSPanel\\domains\\borovinskikh\\tests\\onlineShop\\vendor\\laravel\\framework\\src\\Illuminate\\Hashing\\BcryptHasher.php:71)
[stacktrace]
#0 C:\\OSPanel\\domains\\borovinskikh\\tests\\onlineShop\\vendor\\laravel\\framework\\src\\Illuminate\\Hashing\\HashManager.php(76): Illuminate\\Hashing\\BcryptHasher->check()
#1 C:\\OSPanel\\domains\\borovinskikh\\tests\\onlineShop\\vendor\\laravel\\framework\\src\\Illuminate\\Auth\\EloquentUserProvider.php(155): Illuminate\\Hashing\\HashManager->check()
#2 C:\\OSPanel\\domains\\borovinskikh\\tests\\onlineShop\\vendor\\laravel\\framework\\src\\Illuminate\\Auth\\SessionGuard.php(438): Illuminate\\Auth\\EloquentUserProvider->validateCredentials()
#3 C:\\OSPanel\\domains\\borovinskikh\\tests\\onlineShop\\vendor\\laravel\\framework\\src\\Illuminate\\Support\\Timebox.php(32): Illuminate\\Auth\\SessionGuard->Illuminate\\Auth\\{closure}()
#4 C:\\OSPanel\\domains\\borovinskikh\\tests\\onlineShop\\vendor\\laravel\\framework\\src\\Illuminate\\Auth\\SessionGuard.php(447): Illuminate\\Support\\Timebox->call()
#5 C:\\OSPanel\\domains\\borovinskikh\\tests\\onlineShop\\vendor\\laravel\\framework\\src\\Illuminate\\Auth\\SessionGuard.php(386): Illuminate\\Auth\\SessionGuard->hasValidCredentials()
#6 C:\\OSPanel\\domains\\borovinskikh\\tests\\onlineShop\\vendor\\laravel\\framework\\src\\Illuminate\\Auth\\AuthManager.php(340): Illuminate\\Auth\\SessionGuard->attempt()
#7 C:\\OSPanel\\domains\\borovinskikh\\tests\\onlineShop\\vendor\\laravel\\framework\\src\\Illuminate\\Support\\Facades\\Facade.php(355): Illuminate\\Auth\\AuthManager->__call()
#8 C:\\OSPanel\\domains\\borovinskikh\\tests\\onlineShop\\app\\Http\\Controllers\\UserController.php(15): Illuminate\\Support\\Facades\\Facade::__callStatic()
#9 C:\\OSPanel\\domains\\borovinskikh\\tests\\onlineShop\\vendor\\laravel\\framework\\src\\Illuminate\\Routing\\Controller.php(54): App\\Http\\Controllers\\UserController->login()
#10 C:\\OSPanel\\domains\\borovinskikh\\tests\\onlineShop\\vendor\\laravel\\framework\\src\\Illuminate\\Routing\\ControllerDispatcher.php(43): Illuminate\\Routing\\Controller->callAction()
#11 C:\\OSPanel\\domains\\borovinskikh\\tests\\onlineShop\\vendor\\laravel\\framework\\src\\Illuminate\\Routing\\Route.php(260): Illuminate\\Routing\\ControllerDispatcher->dispatch()
#12 C:\\OSPanel\\domains\\borovinskikh\\tests\\onlineShop\\vendor\\laravel\\framework\\src\\Illuminate\\Routing\\Route.php(205): Illuminate\\Routing\\Route->runController()
#13 C:\\OSPanel\\domains\\borovinskikh\\tests\\onlineShop\\vendor\\laravel\\framework\\src\\Illuminate\\Routing\\Router.php(806): Illuminate\\Routing\\Route->run()
#14 C:\\OSPanel\\domains\\borovinskikh\\tests\\onlineShop\\vendor\\laravel\\framework\\src\\Illuminate\\Pipeline\\Pipeline.php(144): Illuminate\\Routing\\Router->Illuminate\\Routing\\{closure}()
#15 C:\\OSPanel\\domains\\borovinskikh\\tests\\onlineShop\\vendor\\laravel\\framework\\src\\Illuminate\\Routing\\Middleware\\SubstituteBindings.php(50): Illuminate\\Pipeline\\Pipeline->Illuminate\\Pipeline\\{closure}()
#16 C:\\OSPanel\\domains\\borovinskikh\\tests\\onlineShop\\vendor\\laravel\\framework\\src\\Illuminate\\Pipeline\\Pipeline.php(183): Illuminate\\Routing\\Middleware\\SubstituteBindings->handle()
#17 C:\\OSPanel\\domains\\borovinskikh\\tests\\onlineShop\\vendor\\laravel\\framework\\src\\Illuminate\\Foundation\\Http\\Middleware\\VerifyCsrfToken.php(78): Illuminate\\Pipeline\\Pipeline->Illuminate\\Pipeline\\{closure}()
#18 C:\\OSPanel\\domains\\borovinskikh\\tests\\onlineShop\\vendor\\laravel\\framework\\src\\Illuminate\\Pipeline\\Pipeline.php(183): Illuminate\\Foundation\\Http\\Middleware\\VerifyCsrfToken->handle()
#19 C:\\OSPanel\\domains\\borovinskikh\\tests\\onlineShop\\vendor\\laravel\\framework\\src\\Illuminate\\View\\Middleware\\ShareErrorsFromSession.php(49): Illuminate\\Pipeline\\Pipeline->Illuminate\\Pipeline\\{closure}()
#20 C:\\OSPanel\\domains\\borovinskikh\\tests\\onlineShop\\vendor\\laravel\\framework\\src\\Illuminate\\Pipeline\\Pipeline.php(183): Illuminate\\View\\Middleware\\ShareErrorsFromSession->handle()
#21 C:\\OSPanel\\domains\\borovinskikh\\tests\\onlineShop\\vendor\\laravel\\framework\\src\\Illuminate\\Session\\Middleware\\StartSession.php(121): Illuminate\\Pipeline\\Pipeline->Illuminate\\Pipeline\\{closure}()
#22 C:\\OSPanel\\domains\\borovinskikh\\tests\\onlineShop\\vendor\\laravel\\framework\\src\\Illuminate\\Session\\Middleware\\StartSession.php(64): Illuminate\\Session\\Middleware\\StartSession->handleStatefulRequest()
#23 C:\\OSPanel\\domains\\borovinskikh\\tests\\onlineShop\\vendor\\laravel\\framework\\src\\Illuminate\\Pipeline\\Pipeline.php(183): Illuminate\\Session\\Middleware\\StartSession->handle()
#24 C:\\OSPanel\\domains\\borovinskikh\\tests\\onlineShop\\vendor\\laravel\\framework\\src\\Illuminate\\Cookie\\Middleware\\AddQueuedCookiesToResponse.php(37): Illuminate\\Pipeline\\Pipeline->Illuminate\\Pipeline\\{closure}()
#25 C:\\OSPanel\\domains\\borovinskikh\\tests\\onlineShop\\vendor\\laravel\\framework\\src\\Illuminate\\Pipeline\\Pipeline.php(183): Illuminate\\Cookie\\Middleware\\AddQueuedCookiesToResponse->handle()
#26 C:\\OSPanel\\domains\\borovinskikh\\tests\\onlineShop\\vendor\\laravel\\framework\\src\\Illuminate\\Cookie\\Middleware\\EncryptCookies.php(67): Illuminate\\Pipeline\\Pipeline->Illuminate\\Pipeline\\{closure}()
#27 C:\\OSPanel\\domains\\borovinskikh\\tests\\onlineShop\\vendor\\laravel\\framework\\src\\Illuminate\\Pipeline\\Pipeline.php(183): Illuminate\\Cookie\\Middleware\\EncryptCookies->handle()
#28 C:\\OSPanel\\domains\\borovinskikh\\tests\\onlineShop\\vendor\\laravel\\framework\\src\\Illuminate\\Pipeline\\Pipeline.php(119): Illuminate\\Pipeline\\Pipeline->Illuminate\\Pipeline\\{closure}()
#29 C:\\OSPanel\\domains\\borovinskikh\\tests\\onlineShop\\vendor\\laravel\\framework\\src\\Illuminate\\Routing\\Router.php(807): Illuminate\\Pipeline\\Pipeline->then()
#30 C:\\OSPanel\\domains\\borovinskikh\\tests\\onlineShop\\vendor\\laravel\\framework\\src\\Illuminate\\Routing\\Router.php(784): Illuminate\\Routing\\Router->runRouteWithinStack()
#31 C:\\OSPanel\\domains\\borovinskikh\\tests\\onlineShop\\vendor\\laravel\\framework\\src\\Illuminate\\Routing\\Router.php(748): Illuminate\\Routing\\Router->runRoute()
#32 C:\\OSPanel\\domains\\borovinskikh\\tests\\onlineShop\\vendor\\laravel\\framework\\src\\Illuminate\\Routing\\Router.php(737): Illuminate\\Routing\\Router->dispatchToRoute()
#33 C:\\OSPanel\\domains\\borovinskikh\\tests\\onlineShop\\vendor\\laravel\\framework\\src\\Illuminate\\Foundation\\Http\\Kernel.php(200): Illuminate\\Routing\\Router->dispatch()
#34 C:\\OSPanel\\domains\\borovinskikh\\tests\\onlineShop\\vendor\\laravel\\framework\\src\\Illuminate\\Pipeline\\Pipeline.php(144): Illuminate\\Foundation\\Http\\Kernel->Illuminate\\Foundation\\Http\\{closure}()
#35 C:\\OSPanel\\domains\\borovinskikh\\tests\\onlineShop\\vendor\\laravel\\framework\\src\\Illuminate\\Foundation\\Http\\Middleware\\TransformsRequest.php(21): Illuminate\\Pipeline\\Pipeline->Illuminate\\Pipeline\\{closure}()
#36 C:\\OSPanel\\domains\\borovinskikh\\tests\\onlineShop\\vendor\\laravel\\framework\\src\\Illuminate\\Foundation\\Http\\Middleware\\ConvertEmptyStringsToNull.php(31): Illuminate\\Foundation\\Http\\Middleware\\TransformsRequest->handle()
#37 C:\\OSPanel\\domains\\borovinskikh\\tests\\onlineShop\\vendor\\laravel\\framework\\src\\Illuminate\\Pipeline\\Pipeline.php(183): Illuminate\\Foundation\\Http\\Middleware\\ConvertEmptyStringsToNull->handle()
#38 C:\\OSPanel\\domains\\borovinskikh\\tests\\onlineShop\\vendor\\laravel\\framework\\src\\Illuminate\\Foundation\\Http\\Middleware\\TransformsRequest.php(21): Illuminate\\Pipeline\\Pipeline->Illuminate\\Pipeline\\{closure}()
#39 C:\\OSPanel\\domains\\borovinskikh\\tests\\onlineShop\\vendor\\laravel\\framework\\src\\Illuminate\\Foundation\\Http\\Middleware\\TrimStrings.php(40): Illuminate\\Foundation\\Http\\Middleware\\TransformsRequest->handle()
#40 C:\\OSPanel\\domains\\borovinskikh\\tests\\onlineShop\\vendor\\laravel\\framework\\src\\Illuminate\\Pipeline\\Pipeline.php(183): Illuminate\\Foundation\\Http\\Middleware\\TrimStrings->handle()
#41 C:\\OSPanel\\domains\\borovinskikh\\tests\\onlineShop\\vendor\\laravel\\framework\\src\\Illuminate\\Foundation\\Http\\Middleware\\ValidatePostSize.php(27): Illuminate\\Pipeline\\Pipeline->Illuminate\\Pipeline\\{closure}()
#42 C:\\OSPanel\\domains\\borovinskikh\\tests\\onlineShop\\vendor\\laravel\\framework\\src\\Illuminate\\Pipeline\\Pipeline.php(183): Illuminate\\Foundation\\Http\\Middleware\\ValidatePostSize->handle()
#43 C:\\OSPanel\\domains\\borovinskikh\\tests\\onlineShop\\vendor\\laravel\\framework\\src\\Illuminate\\Foundation\\Http\\Middleware\\PreventRequestsDuringMaintenance.php(99): Illuminate\\Pipeline\\Pipeline->Illuminate\\Pipeline\\{closure}()
#44 C:\\OSPanel\\domains\\borovinskikh\\tests\\onlineShop\\vendor\\laravel\\framework\\src\\Illuminate\\Pipeline\\Pipeline.php(183): Illuminate\\Foundation\\Http\\Middleware\\PreventRequestsDuringMaintenance->handle()
#45 C:\\OSPanel\\domains\\borovinskikh\\tests\\onlineShop\\vendor\\laravel\\framework\\src\\Illuminate\\Http\\Middleware\\HandleCors.php(49): Illuminate\\Pipeline\\Pipeline->Illuminate\\Pipeline\\{closure}()
#46 C:\\OSPanel\\domains\\borovinskikh\\tests\\onlineShop\\vendor\\laravel\\framework\\src\\Illuminate\\Pipeline\\Pipeline.php(183): Illuminate\\Http\\Middleware\\HandleCors->handle()
#47 C:\\OSPanel\\domains\\borovinskikh\\tests\\onlineShop\\vendor\\laravel\\framework\\src\\Illuminate\\Http\\Middleware\\TrustProxies.php(39): Illuminate\\Pipeline\\Pipeline->Illuminate\\Pipeline\\{closure}()
#48 C:\\OSPanel\\domains\\borovinskikh\\tests\\onlineShop\\vendor\\laravel\\framework\\src\\Illuminate\\Pipeline\\Pipeline.php(183): Illuminate\\Http\\Middleware\\TrustProxies->handle()
#49 C:\\OSPanel\\domains\\borovinskikh\\tests\\onlineShop\\vendor\\laravel\\framework\\src\\Illuminate\\Pipeline\\Pipeline.php(119): Illuminate\\Pipeline\\Pipeline->Illuminate\\Pipeline\\{closure}()
#50 C:\\OSPanel\\domains\\borovinskikh\\tests\\onlineShop\\vendor\\laravel\\framework\\src\\Illuminate\\Foundation\\Http\\Kernel.php(175): Illuminate\\Pipeline\\Pipeline->then()
#51 C:\\OSPanel\\domains\\borovinskikh\\tests\\onlineShop\\vendor\\laravel\\framework\\src\\Illuminate\\Foundation\\Http\\Kernel.php(144): Illuminate\\Foundation\\Http\\Kernel->sendRequestThroughRouter()
#52 C:\\OSPanel\\domains\\borovinskikh\\tests\\onlineShop\\public\\index.php(52): Illuminate\\Foundation\\Http\\Kernel->handle()
#53 {main}
"} 
[2024-04-18 09:49:49] local.ERROR: This password does not use the Bcrypt algorithm. {"exception":"[object] (RuntimeException(code: 0): This password does not use the Bcrypt algorithm. at C:\\OSPanel\\domains\\borovinskikh\\tests\\onlineShop\\vendor\\laravel\\framework\\src\\Illuminate\\Hashing\\BcryptHasher.php:71)
[stacktrace]
#0 C:\\OSPanel\\domains\\borovinskikh\\tests\\onlineShop\\vendor\\laravel\\framework\\src\\Illuminate\\Hashing\\HashManager.php(76): Illuminate\\Hashing\\BcryptHasher->check()
#1 C:\\OSPanel\\domains\\borovinskikh\\tests\\onlineShop\\vendor\\laravel\\framework\\src\\Illuminate\\Auth\\EloquentUserProvider.php(155): Illuminate\\Hashing\\HashManager->check()
#2 C:\\OSPanel\\domains\\borovinskikh\\tests\\onlineShop\\vendor\\laravel\\framework\\src\\Illuminate\\Auth\\SessionGuard.php(438): Illuminate\\Auth\\EloquentUserProvider->validateCredentials()
#3 C:\\OSPanel\\domains\\borovinskikh\\tests\\onlineShop\\vendor\\laravel\\framework\\src\\Illuminate\\Support\\Timebox.php(32): Illuminate\\Auth\\SessionGuard->Illuminate\\Auth\\{closure}()
#4 C:\\OSPanel\\domains\\borovinskikh\\tests\\onlineShop\\vendor\\laravel\\framework\\src\\Illuminate\\Auth\\SessionGuard.php(447): Illuminate\\Support\\Timebox->call()
#5 C:\\OSPanel\\domains\\borovinskikh\\tests\\onlineShop\\vendor\\laravel\\framework\\src\\Illuminate\\Auth\\SessionGuard.php(386): Illuminate\\Auth\\SessionGuard->hasValidCredentials()
#6 C:\\OSPanel\\domains\\borovinskikh\\tests\\onlineShop\\vendor\\laravel\\framework\\src\\Illuminate\\Auth\\AuthManager.php(340): Illuminate\\Auth\\SessionGuard->attempt()
#7 C:\\OSPanel\\domains\\borovinskikh\\tests\\onlineShop\\vendor\\laravel\\framework\\src\\Illuminate\\Support\\Facades\\Facade.php(355): Illuminate\\Auth\\AuthManager->__call()
#8 C:\\OSPanel\\domains\\borovinskikh\\tests\\onlineShop\\app\\Http\\Controllers\\UserController.php(15): Illuminate\\Support\\Facades\\Facade::__callStatic()
#9 C:\\OSPanel\\domains\\borovinskikh\\tests\\onlineShop\\vendor\\laravel\\framework\\src\\Illuminate\\Routing\\Controller.php(54): App\\Http\\Controllers\\UserController->login()
#10 C:\\OSPanel\\domains\\borovinskikh\\tests\\onlineShop\\vendor\\laravel\\framework\\src\\Illuminate\\Routing\\ControllerDispatcher.php(43): Illuminate\\Routing\\Controller->callAction()
#11 C:\\OSPanel\\domains\\borovinskikh\\tests\\onlineShop\\vendor\\laravel\\framework\\src\\Illuminate\\Routing\\Route.php(260): Illuminate\\Routing\\ControllerDispatcher->dispatch()
#12 C:\\OSPanel\\domains\\borovinskikh\\tests\\onlineShop\\vendor\\laravel\\framework\\src\\Illuminate\\Routing\\Route.php(205): Illuminate\\Routing\\Route->runController()
#13 C:\\OSPanel\\domains\\borovinskikh\\tests\\onlineShop\\vendor\\laravel\\framework\\src\\Illuminate\\Routing\\Router.php(806): Illuminate\\Routing\\Route->run()
#14 C:\\OSPanel\\domains\\borovinskikh\\tests\\onlineShop\\vendor\\laravel\\framework\\src\\Illuminate\\Pipeline\\Pipeline.php(144): Illuminate\\Routing\\Router->Illuminate\\Routing\\{closure}()
#15 C:\\OSPanel\\domains\\borovinskikh\\tests\\onlineShop\\vendor\\laravel\\framework\\src\\Illuminate\\Routing\\Middleware\\SubstituteBindings.php(50): Illuminate\\Pipeline\\Pipeline->Illuminate\\Pipeline\\{closure}()
#16 C:\\OSPanel\\domains\\borovinskikh\\tests\\onlineShop\\vendor\\laravel\\framework\\src\\Illuminate\\Pipeline\\Pipeline.php(183): Illuminate\\Routing\\Middleware\\SubstituteBindings->handle()
#17 C:\\OSPanel\\domains\\borovinskikh\\tests\\onlineShop\\vendor\\laravel\\framework\\src\\Illuminate\\Foundation\\Http\\Middleware\\VerifyCsrfToken.php(78): Illuminate\\Pipeline\\Pipeline->Illuminate\\Pipeline\\{closure}()
#18 C:\\OSPanel\\domains\\borovinskikh\\tests\\onlineShop\\vendor\\laravel\\framework\\src\\Illuminate\\Pipeline\\Pipeline.php(183): Illuminate\\Foundation\\Http\\Middleware\\VerifyCsrfToken->handle()
#19 C:\\OSPanel\\domains\\borovinskikh\\tests\\onlineShop\\vendor\\laravel\\framework\\src\\Illuminate\\View\\Middleware\\ShareErrorsFromSession.php(49): Illuminate\\Pipeline\\Pipeline->Illuminate\\Pipeline\\{closure}()
#20 C:\\OSPanel\\domains\\borovinskikh\\tests\\onlineShop\\vendor\\laravel\\framework\\src\\Illuminate\\Pipeline\\Pipeline.php(183): Illuminate\\View\\Middleware\\ShareErrorsFromSession->handle()
#21 C:\\OSPanel\\domains\\borovinskikh\\tests\\onlineShop\\vendor\\laravel\\framework\\src\\Illuminate\\Session\\Middleware\\StartSession.php(121): Illuminate\\Pipeline\\Pipeline->Illuminate\\Pipeline\\{closure}()
#22 C:\\OSPanel\\domains\\borovinskikh\\tests\\onlineShop\\vendor\\laravel\\framework\\src\\Illuminate\\Session\\Middleware\\StartSession.php(64): Illuminate\\Session\\Middleware\\StartSession->handleStatefulRequest()
#23 C:\\OSPanel\\domains\\borovinskikh\\tests\\onlineShop\\vendor\\laravel\\framework\\src\\Illuminate\\Pipeline\\Pipeline.php(183): Illuminate\\Session\\Middleware\\StartSession->handle()
#24 C:\\OSPanel\\domains\\borovinskikh\\tests\\onlineShop\\vendor\\laravel\\framework\\src\\Illuminate\\Cookie\\Middleware\\AddQueuedCookiesToResponse.php(37): Illuminate\\Pipeline\\Pipeline->Illuminate\\Pipeline\\{closure}()
#25 C:\\OSPanel\\domains\\borovinskikh\\tests\\onlineShop\\vendor\\laravel\\framework\\src\\Illuminate\\Pipeline\\Pipeline.php(183): Illuminate\\Cookie\\Middleware\\AddQueuedCookiesToResponse->handle()
#26 C:\\OSPanel\\domains\\borovinskikh\\tests\\onlineShop\\vendor\\laravel\\framework\\src\\Illuminate\\Cookie\\Middleware\\EncryptCookies.php(67): Illuminate\\Pipeline\\Pipeline->Illuminate\\Pipeline\\{closure}()
#27 C:\\OSPanel\\domains\\borovinskikh\\tests\\onlineShop\\vendor\\laravel\\framework\\src\\Illuminate\\Pipeline\\Pipeline.php(183): Illuminate\\Cookie\\Middleware\\EncryptCookies->handle()
#28 C:\\OSPanel\\domains\\borovinskikh\\tests\\onlineShop\\vendor\\laravel\\framework\\src\\Illuminate\\Pipeline\\Pipeline.php(119): Illuminate\\Pipeline\\Pipeline->Illuminate\\Pipeline\\{closure}()
#29 C:\\OSPanel\\domains\\borovinskikh\\tests\\onlineShop\\vendor\\laravel\\framework\\src\\Illuminate\\Routing\\Router.php(807): Illuminate\\Pipeline\\Pipeline->then()
#30 C:\\OSPanel\\domains\\borovinskikh\\tests\\onlineShop\\vendor\\laravel\\framework\\src\\Illuminate\\Routing\\Router.php(784): Illuminate\\Routing\\Router->runRouteWithinStack()
#31 C:\\OSPanel\\domains\\borovinskikh\\tests\\onlineShop\\vendor\\laravel\\framework\\src\\Illuminate\\Routing\\Router.php(748): Illuminate\\Routing\\Router->runRoute()
#32 C:\\OSPanel\\domains\\borovinskikh\\tests\\onlineShop\\vendor\\laravel\\framework\\src\\Illuminate\\Routing\\Router.php(737): Illuminate\\Routing\\Router->dispatchToRoute()
#33 C:\\OSPanel\\domains\\borovinskikh\\tests\\onlineShop\\vendor\\laravel\\framework\\src\\Illuminate\\Foundation\\Http\\Kernel.php(200): Illuminate\\Routing\\Router->dispatch()
#34 C:\\OSPanel\\domains\\borovinskikh\\tests\\onlineShop\\vendor\\laravel\\framework\\src\\Illuminate\\Pipeline\\Pipeline.php(144): Illuminate\\Foundation\\Http\\Kernel->Illuminate\\Foundation\\Http\\{closure}()
#35 C:\\OSPanel\\domains\\borovinskikh\\tests\\onlineShop\\vendor\\laravel\\framework\\src\\Illuminate\\Foundation\\Http\\Middleware\\TransformsRequest.php(21): Illuminate\\Pipeline\\Pipeline->Illuminate\\Pipeline\\{closure}()
#36 C:\\OSPanel\\domains\\borovinskikh\\tests\\onlineShop\\vendor\\laravel\\framework\\src\\Illuminate\\Foundation\\Http\\Middleware\\ConvertEmptyStringsToNull.php(31): Illuminate\\Foundation\\Http\\Middleware\\TransformsRequest->handle()
#37 C:\\OSPanel\\domains\\borovinskikh\\tests\\onlineShop\\vendor\\laravel\\framework\\src\\Illuminate\\Pipeline\\Pipeline.php(183): Illuminate\\Foundation\\Http\\Middleware\\ConvertEmptyStringsToNull->handle()
#38 C:\\OSPanel\\domains\\borovinskikh\\tests\\onlineShop\\vendor\\laravel\\framework\\src\\Illuminate\\Foundation\\Http\\Middleware\\TransformsRequest.php(21): Illuminate\\Pipeline\\Pipeline->Illuminate\\Pipeline\\{closure}()
#39 C:\\OSPanel\\domains\\borovinskikh\\tests\\onlineShop\\vendor\\laravel\\framework\\src\\Illuminate\\Foundation\\Http\\Middleware\\TrimStrings.php(40): Illuminate\\Foundation\\Http\\Middleware\\TransformsRequest->handle()
#40 C:\\OSPanel\\domains\\borovinskikh\\tests\\onlineShop\\vendor\\laravel\\framework\\src\\Illuminate\\Pipeline\\Pipeline.php(183): Illuminate\\Foundation\\Http\\Middleware\\TrimStrings->handle()
#41 C:\\OSPanel\\domains\\borovinskikh\\tests\\onlineShop\\vendor\\laravel\\framework\\src\\Illuminate\\Foundation\\Http\\Middleware\\ValidatePostSize.php(27): Illuminate\\Pipeline\\Pipeline->Illuminate\\Pipeline\\{closure}()
#42 C:\\OSPanel\\domains\\borovinskikh\\tests\\onlineShop\\vendor\\laravel\\framework\\src\\Illuminate\\Pipeline\\Pipeline.php(183): Illuminate\\Foundation\\Http\\Middleware\\ValidatePostSize->handle()
#43 C:\\OSPanel\\domains\\borovinskikh\\tests\\onlineShop\\vendor\\laravel\\framework\\src\\Illuminate\\Foundation\\Http\\Middleware\\PreventRequestsDuringMaintenance.php(99): Illuminate\\Pipeline\\Pipeline->Illuminate\\Pipeline\\{closure}()
#44 C:\\OSPanel\\domains\\borovinskikh\\tests\\onlineShop\\vendor\\laravel\\framework\\src\\Illuminate\\Pipeline\\Pipeline.php(183): Illuminate\\Foundation\\Http\\Middleware\\PreventRequestsDuringMaintenance->handle()
#45 C:\\OSPanel\\domains\\borovinskikh\\tests\\onlineShop\\vendor\\laravel\\framework\\src\\Illuminate\\Http\\Middleware\\HandleCors.php(49): Illuminate\\Pipeline\\Pipeline->Illuminate\\Pipeline\\{closure}()
#46 C:\\OSPanel\\domains\\borovinskikh\\tests\\onlineShop\\vendor\\laravel\\framework\\src\\Illuminate\\Pipeline\\Pipeline.php(183): Illuminate\\Http\\Middleware\\HandleCors->handle()
#47 C:\\OSPanel\\domains\\borovinskikh\\tests\\onlineShop\\vendor\\laravel\\framework\\src\\Illuminate\\Http\\Middleware\\TrustProxies.php(39): Illuminate\\Pipeline\\Pipeline->Illuminate\\Pipeline\\{closure}()
#48 C:\\OSPanel\\domains\\borovinskikh\\tests\\onlineShop\\vendor\\laravel\\framework\\src\\Illuminate\\Pipeline\\Pipeline.php(183): Illuminate\\Http\\Middleware\\TrustProxies->handle()
#49 C:\\OSPanel\\domains\\borovinskikh\\tests\\onlineShop\\vendor\\laravel\\framework\\src\\Illuminate\\Pipeline\\Pipeline.php(119): Illuminate\\Pipeline\\Pipeline->Illuminate\\Pipeline\\{closure}()
#50 C:\\OSPanel\\domains\\borovinskikh\\tests\\onlineShop\\vendor\\laravel\\framework\\src\\Illuminate\\Foundation\\Http\\Kernel.php(175): Illuminate\\Pipeline\\Pipeline->then()
#51 C:\\OSPanel\\domains\\borovinskikh\\tests\\onlineShop\\vendor\\laravel\\framework\\src\\Illuminate\\Foundation\\Http\\Kernel.php(144): Illuminate\\Foundation\\Http\\Kernel->sendRequestThroughRouter()
#52 C:\\OSPanel\\domains\\borovinskikh\\tests\\onlineShop\\public\\index.php(52): Illuminate\\Foundation\\Http\\Kernel->handle()
#53 {main}
"} 
